This is pdfTeX, Version 3.141592653-2.6-1.40.24 (TeX Live 2022) (preloaded format=pdflatex 2022.10.24)  19 APR 2023 19:45
entering extended mode
 restricted \write18 enabled.
 file:line:error style messages enabled.
 %&-line parsing enabled.
**main
(./main.tex
LaTeX2e <2022-06-01> patch level 5
L3 programming layer <2022-09-28> (./puthesis.cls
Document Class: puthesis 2011/02/16 v1.4.2 Princeton University Thesis class
(/usr/local/texlive/2022basic/texmf-dist/tex/latex/setspace/setspace.sty
Package: setspace 2011/12/19 v6.7a set line spacing
) (/usr/local/texlive/2022basic/texmf-dist/tex/latex/xcolor/xcolor.sty
Package: xcolor 2022/06/12 v2.14 LaTeX color extensions (UK)
 (/usr/local/texlive/2022basic/texmf-dist/tex/latex/graphics-cfg/color.cfg
File: color.cfg 2016/01/02 v1.6 sample color configuration
)
Package xcolor Info: Driver file: pdftex.def on input line 227.
 (/usr/local/texlive/2022basic/texmf-dist/tex/latex/graphics-def/pdftex.def
File: pdftex.def 2022/09/22 v1.2b Graphics/color driver for pdftex
\stockwidth=\dimen138
\stockheight=\dimen139
) (/usr/local/texlive/2022basic/texmf-dist/tex/latex/graphics/mathcolor.ltx)
Package xcolor Info: Model `cmy' substituted by `cmy0' on input line 1353.
Package xcolor Info: Model `hsb' substituted by `rgb' on input line 1357.
Package xcolor Info: Model `RGB' extended on input line 1369.
Package xcolor Info: Model `HTML' substituted by `rgb' on input line 1371.
Package xcolor Info: Model `Hsb' substituted by `hsb' on input line 1372.
Package xcolor Info: Model `tHsb' substituted by `hsb' on input line 1373.
Package xcolor Info: Model `HSB' substituted by `hsb' on input line 1374.
Package xcolor Info: Model `Gray' substituted by `gray' on input line 1375.
Package xcolor Info: Model `wave' substituted by `hsb' on input line 1376.
)
\c@subyear=\count185
 (/usr/local/texlive/2022basic/texmf-dist/tex/latex/base/report.cls
Document Class: report 2021/10/04 v1.4n Standard LaTeX document class
(/usr/local/texlive/2022basic/texmf-dist/tex/latex/base/size12.clo
File: size12.clo 2021/10/04 v1.4n Standard LaTeX file (size option)
)
\c@part=\count186
\c@chapter=\count187
\c@section=\count188
\c@subsection=\count189
\c@subsubsection=\count190
\c@paragraph=\count191
\c@subparagraph=\count192
\c@figure=\count193
\c@table=\count194
\abovecaptionskip=\skip47
\belowcaptionskip=\skip48
\bibindent=\dimen140
)) (/usr/local/texlive/2022basic/texmf-dist/tex/latex/graphics/epsfig.sty
Package: epsfig 2017/06/25 v1.7b (e)psfig emulation (SPQR)
 (/usr/local/texlive/2022basic/texmf-dist/tex/latex/graphics/graphicx.sty
Package: graphicx 2021/09/16 v1.2d Enhanced LaTeX Graphics (DPC,SPQR)
 (/usr/local/texlive/2022basic/texmf-dist/tex/latex/graphics/keyval.sty
Package: keyval 2022/05/29 v1.15 key=value parser (DPC)
\KV@toks@=\toks16
) (/usr/local/texlive/2022basic/texmf-dist/tex/latex/graphics/graphics.sty
Package: graphics 2022/03/10 v1.4e Standard LaTeX Graphics (DPC,SPQR)
 (/usr/local/texlive/2022basic/texmf-dist/tex/latex/graphics/trig.sty
Package: trig 2021/08/11 v1.11 sin cos tan (DPC)
) (/usr/local/texlive/2022basic/texmf-dist/tex/latex/graphics-cfg/graphics.cfg
File: graphics.cfg 2016/06/04 v1.11 sample graphics configuration
)
Package graphics Info: Driver file: pdftex.def on input line 107.
)
\Gin@req@height=\dimen141
\Gin@req@width=\dimen142
)
\epsfxsize=\dimen143
\epsfysize=\dimen144
) (/usr/local/texlive/2022basic/texmf-dist/tex/latex/base/latexsym.sty
Package: latexsym 1998/08/17 v2.2e Standard LaTeX package (lasy symbols)
\symlasy=\mathgroup4
LaTeX Font Info:    Overwriting symbol font `lasy' in version `bold'
(Font)                  U/lasy/m/n --> U/lasy/b/n on input line 52.
) (/usr/local/texlive/2022basic/texmf-dist/tex/latex/amsmath/amsmath.sty
Package: amsmath 2022/04/08 v2.17n AMS math features
\@mathmargin=\skip49

For additional information on amsmath, use the `?' option.
(/usr/local/texlive/2022basic/texmf-dist/tex/latex/amsmath/amstext.sty
Package: amstext 2021/08/26 v2.01 AMS text
 (/usr/local/texlive/2022basic/texmf-dist/tex/latex/amsmath/amsgen.sty
File: amsgen.sty 1999/11/30 v2.0 generic functions
\@emptytoks=\toks17
\ex@=\dimen145
)) (/usr/local/texlive/2022basic/texmf-dist/tex/latex/amsmath/amsbsy.sty
Package: amsbsy 1999/11/29 v1.2d Bold Symbols
\pmbraise@=\dimen146
) (/usr/local/texlive/2022basic/texmf-dist/tex/latex/amsmath/amsopn.sty
Package: amsopn 2022/04/08 v2.04 operator names
)
\inf@bad=\count195
LaTeX Info: Redefining \frac on input line 234.
\uproot@=\count196
\leftroot@=\count197
LaTeX Info: Redefining \overline on input line 399.
LaTeX Info: Redefining \colon on input line 410.
\classnum@=\count198
\DOTSCASE@=\count199
LaTeX Info: Redefining \ldots on input line 496.
LaTeX Info: Redefining \dots on input line 499.
LaTeX Info: Redefining \cdots on input line 620.
\Mathstrutbox@=\box51
\strutbox@=\box52
LaTeX Info: Redefining \big on input line 722.
LaTeX Info: Redefining \Big on input line 723.
LaTeX Info: Redefining \bigg on input line 724.
LaTeX Info: Redefining \Bigg on input line 725.
\big@size=\dimen147
LaTeX Font Info:    Redeclaring font encoding OML on input line 743.
LaTeX Font Info:    Redeclaring font encoding OMS on input line 744.
\macc@depth=\count266
LaTeX Info: Redefining \bmod on input line 905.
LaTeX Info: Redefining \pmod on input line 910.
LaTeX Info: Redefining \smash on input line 940.
LaTeX Info: Redefining \relbar on input line 970.
LaTeX Info: Redefining \Relbar on input line 971.
\c@MaxMatrixCols=\count267
\dotsspace@=\muskip16
\c@parentequation=\count268
\dspbrk@lvl=\count269
\tag@help=\toks18
\row@=\count270
\column@=\count271
\maxfields@=\count272
\andhelp@=\toks19
\eqnshift@=\dimen148
\alignsep@=\dimen149
\tagshift@=\dimen150
\tagwidth@=\dimen151
\totwidth@=\dimen152
\lineht@=\dimen153
\@envbody=\toks20
\multlinegap=\skip50
\multlinetaggap=\skip51
\mathdisplay@stack=\toks21
LaTeX Info: Redefining \[ on input line 2953.
LaTeX Info: Redefining \] on input line 2954.
) (/usr/local/texlive/2022basic/texmf-dist/tex/latex/amscls/amsthm.sty
Package: amsthm 2020/05/29 v2.20.6
\thm@style=\toks22
\thm@bodyfont=\toks23
\thm@headfont=\toks24
\thm@notefont=\toks25
\thm@headpunct=\toks26
\thm@preskip=\skip52
\thm@postskip=\skip53
\thm@headsep=\skip54
\dth@everypar=\toks27
) (/usr/local/texlive/2022basic/texmf-dist/tex/latex/amsfonts/amssymb.sty
Package: amssymb 2013/01/14 v3.01 AMS font symbols
 (/usr/local/texlive/2022basic/texmf-dist/tex/latex/amsfonts/amsfonts.sty
Package: amsfonts 2013/01/14 v3.01 Basic AMSFonts support
\symAMSa=\mathgroup5
\symAMSb=\mathgroup6
LaTeX Font Info:    Redeclaring math symbol \hbar on input line 98.
LaTeX Font Info:    Overwriting math alphabet `\mathfrak' in version `bold'
(Font)                  U/euf/m/n --> U/euf/b/n on input line 106.
)) (/usr/local/texlive/2022basic/texmf-dist/tex/latex/mathtools/mathtools.sty
Package: mathtools 2022/06/29 v1.29 mathematical typesetting tools
 (/usr/local/texlive/2022basic/texmf-dist/tex/latex/tools/calc.sty
Package: calc 2017/05/25 v4.3 Infix arithmetic (KKT,FJ)
\calc@Acount=\count273
\calc@Bcount=\count274
\calc@Adimen=\dimen154
\calc@Bdimen=\dimen155
\calc@Askip=\skip55
\calc@Bskip=\skip56
LaTeX Info: Redefining \setlength on input line 80.
LaTeX Info: Redefining \addtolength on input line 81.
\calc@Ccount=\count275
\calc@Cskip=\skip57
) (/usr/local/texlive/2022basic/texmf-dist/tex/latex/mathtools/mhsetup.sty
Package: mhsetup 2021/03/18 v1.4 programming setup (MH)
)
\g_MT_multlinerow_int=\count276
\l_MT_multwidth_dim=\dimen156
\origjot=\skip58
\l_MT_shortvdotswithinadjustabove_dim=\dimen157
\l_MT_shortvdotswithinadjustbelow_dim=\dimen158
\l_MT_above_intertext_sep=\dimen159
\l_MT_below_intertext_sep=\dimen160
\l_MT_above_shortintertext_sep=\dimen161
\l_MT_below_shortintertext_sep=\dimen162
\xmathstrut@box=\box53
\xmathstrut@dim=\dimen163
) (/usr/local/texlive/2022basic/texmf-dist/tex/latex/esint/esint.sty
Package: esint 
\symlargesymbolsA=\mathgroup7
) (/usr/local/texlive/2022basic/texmf-dist/tex/latex/base/inputenc.sty
Package: inputenc 2021/02/14 v1.3d Input encoding file
\inpenc@prehook=\toks28
\inpenc@posthook=\toks29
 (/usr/local/texlive/2022basic/texmf-dist/tex/latex/base/latin1.def
File: latin1.def 2021/02/14 v1.3d Input encoding file
)) (/usr/local/texlive/2022basic/texmf-dist/tex/latex/caption/caption.sty
Package: caption 2022/03/01 v3.6b Customizing captions (AR)
 (/usr/local/texlive/2022basic/texmf-dist/tex/latex/caption/caption3.sty
Package: caption3 2022/03/17 v2.3b caption3 kernel (AR)
\caption@tempdima=\dimen164
\captionmargin=\dimen165
\caption@leftmargin=\dimen166
\caption@rightmargin=\dimen167
\caption@width=\dimen168
\caption@indent=\dimen169
\caption@parindent=\dimen170
\caption@hangindent=\dimen171
Package caption Info: Standard document class detected.
)
\c@caption@flags=\count277
\c@continuedfloat=\count278
) (/usr/local/texlive/2022basic/texmf-dist/tex/latex/float/float.sty
Package: float 2001/11/08 v1.3d Float enhancements (AL)
\c@float@type=\count279
\float@exts=\toks30
\float@box=\box54
\@float@everytoks=\toks31
\@floatcapt=\box55
) (/usr/local/texlive/2022basic/texmf-dist/tex/latex/jknapltx/mathrsfs.sty
Package: mathrsfs 1996/01/01 Math RSFS package v1.0 (jk)
\symrsfs=\mathgroup8
) (/usr/local/texlive/2022basic/texmf-dist/tex/latex/import/import.sty
Package: import 2020/04/01  v 6.2
) (./packages/my_tikz.sty (/usr/local/texlive/2022basic/texmf-dist/tex/latex/pgf/frontendlayer/tikz.sty (/usr/local/texlive/2022basic/texmf-dist/tex/latex/pgf/basiclayer/pgf.sty (/usr/local/texlive/2022basic/texmf-dist/tex/latex/pgf/utilities/pgfrcs.sty (/usr/local/texlive/2022basic/texmf-dist/tex/generic/pgf/utilities/pgfutil-common.tex
\pgfutil@everybye=\toks32
\pgfutil@tempdima=\dimen172
\pgfutil@tempdimb=\dimen173
 (/usr/local/texlive/2022basic/texmf-dist/tex/generic/pgf/utilities/pgfutil-common-lists.tex)) (/usr/local/texlive/2022basic/texmf-dist/tex/generic/pgf/utilities/pgfutil-latex.def
\pgfutil@abb=\box56
) (/usr/local/texlive/2022basic/texmf-dist/tex/generic/pgf/utilities/pgfrcs.code.tex (/usr/local/texlive/2022basic/texmf-dist/tex/generic/pgf/pgf.revision.tex)
Package: pgfrcs 2021/05/15 v3.1.9a (3.1.9a)
))
Package: pgf 2021/05/15 v3.1.9a (3.1.9a)
 (/usr/local/texlive/2022basic/texmf-dist/tex/latex/pgf/basiclayer/pgfcore.sty (/usr/local/texlive/2022basic/texmf-dist/tex/latex/pgf/systemlayer/pgfsys.sty (/usr/local/texlive/2022basic/texmf-dist/tex/generic/pgf/systemlayer/pgfsys.code.tex
Package: pgfsys 2021/05/15 v3.1.9a (3.1.9a)
 (/usr/local/texlive/2022basic/texmf-dist/tex/generic/pgf/utilities/pgfkeys.code.tex
\pgfkeys@pathtoks=\toks33
\pgfkeys@temptoks=\toks34
 (/usr/local/texlive/2022basic/texmf-dist/tex/generic/pgf/utilities/pgfkeysfiltered.code.tex
\pgfkeys@tmptoks=\toks35
))
\pgf@x=\dimen174
\pgf@y=\dimen175
\pgf@xa=\dimen176
\pgf@ya=\dimen177
\pgf@xb=\dimen178
\pgf@yb=\dimen179
\pgf@xc=\dimen180
\pgf@yc=\dimen181
\pgf@xd=\dimen182
\pgf@yd=\dimen183
\w@pgf@writea=\write3
\r@pgf@reada=\read2
\c@pgf@counta=\count280
\c@pgf@countb=\count281
\c@pgf@countc=\count282
\c@pgf@countd=\count283
\t@pgf@toka=\toks36
\t@pgf@tokb=\toks37
\t@pgf@tokc=\toks38
\pgf@sys@id@count=\count284
 (/usr/local/texlive/2022basic/texmf-dist/tex/generic/pgf/systemlayer/pgf.cfg
File: pgf.cfg 2021/05/15 v3.1.9a (3.1.9a)
)
Driver file for pgf: pgfsys-pdftex.def
 (/usr/local/texlive/2022basic/texmf-dist/tex/generic/pgf/systemlayer/pgfsys-pdftex.def
File: pgfsys-pdftex.def 2021/05/15 v3.1.9a (3.1.9a)
 (/usr/local/texlive/2022basic/texmf-dist/tex/generic/pgf/systemlayer/pgfsys-common-pdf.def
File: pgfsys-common-pdf.def 2021/05/15 v3.1.9a (3.1.9a)
))) (/usr/local/texlive/2022basic/texmf-dist/tex/generic/pgf/systemlayer/pgfsyssoftpath.code.tex
File: pgfsyssoftpath.code.tex 2021/05/15 v3.1.9a (3.1.9a)
\pgfsyssoftpath@smallbuffer@items=\count285
\pgfsyssoftpath@bigbuffer@items=\count286
) (/usr/local/texlive/2022basic/texmf-dist/tex/generic/pgf/systemlayer/pgfsysprotocol.code.tex
File: pgfsysprotocol.code.tex 2021/05/15 v3.1.9a (3.1.9a)
)) (/usr/local/texlive/2022basic/texmf-dist/tex/generic/pgf/basiclayer/pgfcore.code.tex
Package: pgfcore 2021/05/15 v3.1.9a (3.1.9a)
 (/usr/local/texlive/2022basic/texmf-dist/tex/generic/pgf/math/pgfmath.code.tex (/usr/local/texlive/2022basic/texmf-dist/tex/generic/pgf/math/pgfmathcalc.code.tex (/usr/local/texlive/2022basic/texmf-dist/tex/generic/pgf/math/pgfmathutil.code.tex) (/usr/local/texlive/2022basic/texmf-dist/tex/generic/pgf/math/pgfmathparser.code.tex
\pgfmath@dimen=\dimen184
\pgfmath@count=\count287
\pgfmath@box=\box57
\pgfmath@toks=\toks39
\pgfmath@stack@operand=\toks40
\pgfmath@stack@operation=\toks41
) (/usr/local/texlive/2022basic/texmf-dist/tex/generic/pgf/math/pgfmathfunctions.code.tex (/usr/local/texlive/2022basic/texmf-dist/tex/generic/pgf/math/pgfmathfunctions.basic.code.tex) (/usr/local/texlive/2022basic/texmf-dist/tex/generic/pgf/math/pgfmathfunctions.trigonometric.code.tex) (/usr/local/texlive/2022basic/texmf-dist/tex/generic/pgf/math/pgfmathfunctions.random.code.tex) (/usr/local/texlive/2022basic/texmf-dist/tex/generic/pgf/math/pgfmathfunctions.comparison.code.tex) (/usr/local/texlive/2022basic/texmf-dist/tex/generic/pgf/math/pgfmathfunctions.base.code.tex) (/usr/local/texlive/2022basic/texmf-dist/tex/generic/pgf/math/pgfmathfunctions.round.code.tex) (/usr/local/texlive/2022basic/texmf-dist/tex/generic/pgf/math/pgfmathfunctions.misc.code.tex) (/usr/local/texlive/2022basic/texmf-dist/tex/generic/pgf/math/pgfmathfunctions.integerarithmetics.code.tex))) (/usr/local/texlive/2022basic/texmf-dist/tex/generic/pgf/math/pgfmathfloat.code.tex
\c@pgfmathroundto@lastzeros=\count288
)) (/usr/local/texlive/2022basic/texmf-dist/tex/generic/pgf/math/pgfint.code.tex) (/usr/local/texlive/2022basic/texmf-dist/tex/generic/pgf/basiclayer/pgfcorepoints.code.tex
File: pgfcorepoints.code.tex 2021/05/15 v3.1.9a (3.1.9a)
\pgf@picminx=\dimen185
\pgf@picmaxx=\dimen186
\pgf@picminy=\dimen187
\pgf@picmaxy=\dimen188
\pgf@pathminx=\dimen189
\pgf@pathmaxx=\dimen190
\pgf@pathminy=\dimen191
\pgf@pathmaxy=\dimen192
\pgf@xx=\dimen193
\pgf@xy=\dimen194
\pgf@yx=\dimen195
\pgf@yy=\dimen196
\pgf@zx=\dimen197
\pgf@zy=\dimen198
) (/usr/local/texlive/2022basic/texmf-dist/tex/generic/pgf/basiclayer/pgfcorepathconstruct.code.tex
File: pgfcorepathconstruct.code.tex 2021/05/15 v3.1.9a (3.1.9a)
\pgf@path@lastx=\dimen199
\pgf@path@lasty=\dimen256
) (/usr/local/texlive/2022basic/texmf-dist/tex/generic/pgf/basiclayer/pgfcorepathusage.code.tex
File: pgfcorepathusage.code.tex 2021/05/15 v3.1.9a (3.1.9a)
\pgf@shorten@end@additional=\dimen257
\pgf@shorten@start@additional=\dimen258
) (/usr/local/texlive/2022basic/texmf-dist/tex/generic/pgf/basiclayer/pgfcorescopes.code.tex
File: pgfcorescopes.code.tex 2021/05/15 v3.1.9a (3.1.9a)
\pgfpic=\box58
\pgf@hbox=\box59
\pgf@layerbox@main=\box60
\pgf@picture@serial@count=\count289
) (/usr/local/texlive/2022basic/texmf-dist/tex/generic/pgf/basiclayer/pgfcoregraphicstate.code.tex
File: pgfcoregraphicstate.code.tex 2021/05/15 v3.1.9a (3.1.9a)
\pgflinewidth=\dimen259
) (/usr/local/texlive/2022basic/texmf-dist/tex/generic/pgf/basiclayer/pgfcoretransformations.code.tex
File: pgfcoretransformations.code.tex 2021/05/15 v3.1.9a (3.1.9a)
\pgf@pt@x=\dimen260
\pgf@pt@y=\dimen261
\pgf@pt@temp=\dimen262
) (/usr/local/texlive/2022basic/texmf-dist/tex/generic/pgf/basiclayer/pgfcorequick.code.tex
File: pgfcorequick.code.tex 2021/05/15 v3.1.9a (3.1.9a)
) (/usr/local/texlive/2022basic/texmf-dist/tex/generic/pgf/basiclayer/pgfcoreobjects.code.tex
File: pgfcoreobjects.code.tex 2021/05/15 v3.1.9a (3.1.9a)
) (/usr/local/texlive/2022basic/texmf-dist/tex/generic/pgf/basiclayer/pgfcorepathprocessing.code.tex
File: pgfcorepathprocessing.code.tex 2021/05/15 v3.1.9a (3.1.9a)
) (/usr/local/texlive/2022basic/texmf-dist/tex/generic/pgf/basiclayer/pgfcorearrows.code.tex
File: pgfcorearrows.code.tex 2021/05/15 v3.1.9a (3.1.9a)
\pgfarrowsep=\dimen263
) (/usr/local/texlive/2022basic/texmf-dist/tex/generic/pgf/basiclayer/pgfcoreshade.code.tex
File: pgfcoreshade.code.tex 2021/05/15 v3.1.9a (3.1.9a)
\pgf@max=\dimen264
\pgf@sys@shading@range@num=\count290
\pgf@shadingcount=\count291
) (/usr/local/texlive/2022basic/texmf-dist/tex/generic/pgf/basiclayer/pgfcoreimage.code.tex
File: pgfcoreimage.code.tex 2021/05/15 v3.1.9a (3.1.9a)
 (/usr/local/texlive/2022basic/texmf-dist/tex/generic/pgf/basiclayer/pgfcoreexternal.code.tex
File: pgfcoreexternal.code.tex 2021/05/15 v3.1.9a (3.1.9a)
\pgfexternal@startupbox=\box61
)) (/usr/local/texlive/2022basic/texmf-dist/tex/generic/pgf/basiclayer/pgfcorelayers.code.tex
File: pgfcorelayers.code.tex 2021/05/15 v3.1.9a (3.1.9a)
) (/usr/local/texlive/2022basic/texmf-dist/tex/generic/pgf/basiclayer/pgfcoretransparency.code.tex
File: pgfcoretransparency.code.tex 2021/05/15 v3.1.9a (3.1.9a)
) (/usr/local/texlive/2022basic/texmf-dist/tex/generic/pgf/basiclayer/pgfcorepatterns.code.tex
File: pgfcorepatterns.code.tex 2021/05/15 v3.1.9a (3.1.9a)
) (/usr/local/texlive/2022basic/texmf-dist/tex/generic/pgf/basiclayer/pgfcorerdf.code.tex
File: pgfcorerdf.code.tex 2021/05/15 v3.1.9a (3.1.9a)
))) (/usr/local/texlive/2022basic/texmf-dist/tex/generic/pgf/modules/pgfmoduleshapes.code.tex
File: pgfmoduleshapes.code.tex 2021/05/15 v3.1.9a (3.1.9a)
\pgfnodeparttextbox=\box62
) (/usr/local/texlive/2022basic/texmf-dist/tex/generic/pgf/modules/pgfmoduleplot.code.tex
File: pgfmoduleplot.code.tex 2021/05/15 v3.1.9a (3.1.9a)
) (/usr/local/texlive/2022basic/texmf-dist/tex/latex/pgf/compatibility/pgfcomp-version-0-65.sty
Package: pgfcomp-version-0-65 2021/05/15 v3.1.9a (3.1.9a)
\pgf@nodesepstart=\dimen265
\pgf@nodesepend=\dimen266
) (/usr/local/texlive/2022basic/texmf-dist/tex/latex/pgf/compatibility/pgfcomp-version-1-18.sty
Package: pgfcomp-version-1-18 2021/05/15 v3.1.9a (3.1.9a)
)) (/usr/local/texlive/2022basic/texmf-dist/tex/latex/pgf/utilities/pgffor.sty (/usr/local/texlive/2022basic/texmf-dist/tex/latex/pgf/utilities/pgfkeys.sty (/usr/local/texlive/2022basic/texmf-dist/tex/generic/pgf/utilities/pgfkeys.code.tex)) (/usr/local/texlive/2022basic/texmf-dist/tex/latex/pgf/math/pgfmath.sty (/usr/local/texlive/2022basic/texmf-dist/tex/generic/pgf/math/pgfmath.code.tex)) (/usr/local/texlive/2022basic/texmf-dist/tex/generic/pgf/utilities/pgffor.code.tex
Package: pgffor 2021/05/15 v3.1.9a (3.1.9a)
 (/usr/local/texlive/2022basic/texmf-dist/tex/generic/pgf/math/pgfmath.code.tex)
\pgffor@iter=\dimen267
\pgffor@skip=\dimen268
\pgffor@stack=\toks42
\pgffor@toks=\toks43
)) (/usr/local/texlive/2022basic/texmf-dist/tex/generic/pgf/frontendlayer/tikz/tikz.code.tex
Package: tikz 2021/05/15 v3.1.9a (3.1.9a)
 (/usr/local/texlive/2022basic/texmf-dist/tex/generic/pgf/libraries/pgflibraryplothandlers.code.tex
File: pgflibraryplothandlers.code.tex 2021/05/15 v3.1.9a (3.1.9a)
\pgf@plot@mark@count=\count292
\pgfplotmarksize=\dimen269
)
\tikz@lastx=\dimen270
\tikz@lasty=\dimen271
\tikz@lastxsaved=\dimen272
\tikz@lastysaved=\dimen273
\tikz@lastmovetox=\dimen274
\tikz@lastmovetoy=\dimen275
\tikzleveldistance=\dimen276
\tikzsiblingdistance=\dimen277
\tikz@figbox=\box63
\tikz@figbox@bg=\box64
\tikz@tempbox=\box65
\tikz@tempbox@bg=\box66
\tikztreelevel=\count293
\tikznumberofchildren=\count294
\tikznumberofcurrentchild=\count295
\tikz@fig@count=\count296
 (/usr/local/texlive/2022basic/texmf-dist/tex/generic/pgf/modules/pgfmodulematrix.code.tex
File: pgfmodulematrix.code.tex 2021/05/15 v3.1.9a (3.1.9a)
\pgfmatrixcurrentrow=\count297
\pgfmatrixcurrentcolumn=\count298
\pgf@matrix@numberofcolumns=\count299
)
\tikz@expandcount=\count300
 (/usr/local/texlive/2022basic/texmf-dist/tex/generic/pgf/frontendlayer/tikz/libraries/tikzlibrarytopaths.code.tex
File: tikzlibrarytopaths.code.tex 2021/05/15 v3.1.9a (3.1.9a)
))) (/usr/local/texlive/2022basic/texmf-dist/tex/generic/pgf/frontendlayer/tikz/libraries/tikzlibraryshapes.code.tex
File: tikzlibraryshapes.code.tex 2021/05/15 v3.1.9a (3.1.9a)
 (/usr/local/texlive/2022basic/texmf-dist/tex/generic/pgf/frontendlayer/tikz/libraries/tikzlibraryshapes.geometric.code.tex
File: tikzlibraryshapes.geometric.code.tex 2021/05/15 v3.1.9a (3.1.9a)
 (/usr/local/texlive/2022basic/texmf-dist/tex/generic/pgf/libraries/shapes/pgflibraryshapes.geometric.code.tex
File: pgflibraryshapes.geometric.code.tex 2021/05/15 v3.1.9a (3.1.9a)
)) (/usr/local/texlive/2022basic/texmf-dist/tex/generic/pgf/frontendlayer/tikz/libraries/tikzlibraryshapes.misc.code.tex
File: tikzlibraryshapes.misc.code.tex 2021/05/15 v3.1.9a (3.1.9a)
 (/usr/local/texlive/2022basic/texmf-dist/tex/generic/pgf/libraries/shapes/pgflibraryshapes.misc.code.tex
File: pgflibraryshapes.misc.code.tex 2021/05/15 v3.1.9a (3.1.9a)
)) (/usr/local/texlive/2022basic/texmf-dist/tex/generic/pgf/frontendlayer/tikz/libraries/tikzlibraryshapes.symbols.code.tex
File: tikzlibraryshapes.symbols.code.tex 2021/05/15 v3.1.9a (3.1.9a)
 (/usr/local/texlive/2022basic/texmf-dist/tex/generic/pgf/libraries/shapes/pgflibraryshapes.symbols.code.tex
File: pgflibraryshapes.symbols.code.tex 2021/05/15 v3.1.9a (3.1.9a)
)) (/usr/local/texlive/2022basic/texmf-dist/tex/generic/pgf/frontendlayer/tikz/libraries/tikzlibraryshapes.arrows.code.tex
File: tikzlibraryshapes.arrows.code.tex 2021/05/15 v3.1.9a (3.1.9a)
 (/usr/local/texlive/2022basic/texmf-dist/tex/generic/pgf/libraries/shapes/pgflibraryshapes.arrows.code.tex
File: pgflibraryshapes.arrows.code.tex 2021/05/15 v3.1.9a (3.1.9a)
)) (/usr/local/texlive/2022basic/texmf-dist/tex/generic/pgf/frontendlayer/tikz/libraries/tikzlibraryshapes.callouts.code.tex (/usr/local/texlive/2022basic/texmf-dist/tex/generic/pgf/libraries/shapes/pgflibraryshapes.callouts.code.tex)) (/usr/local/texlive/2022basic/texmf-dist/tex/generic/pgf/frontendlayer/tikz/libraries/tikzlibraryshapes.multipart.code.tex
File: tikzlibraryshapes.multipart.code.tex 2021/05/15 v3.1.9a (3.1.9a)
 (/usr/local/texlive/2022basic/texmf-dist/tex/generic/pgf/libraries/shapes/pgflibraryshapes.multipart.code.tex
File: pgflibraryshapes.multipart.code.tex 2021/05/15 v3.1.9a (3.1.9a)
\pgfnodepartlowerbox=\box67
\pgfnodeparttwobox=\box68
\pgfnodepartthreebox=\box69
\pgfnodepartfourbox=\box70
\pgfnodeparttwentybox=\box71
\pgfnodepartnineteenbox=\box72
\pgfnodeparteighteenbox=\box73
\pgfnodepartseventeenbox=\box74
\pgfnodepartsixteenbox=\box75
\pgfnodepartfifteenbox=\box76
\pgfnodepartfourteenbox=\box77
\pgfnodepartthirteenbox=\box78
\pgfnodeparttwelvebox=\box79
\pgfnodepartelevenbox=\box80
\pgfnodeparttenbox=\box81
\pgfnodepartninebox=\box82
\pgfnodeparteightbox=\box83
\pgfnodepartsevenbox=\box84
\pgfnodepartsixbox=\box85
\pgfnodepartfivebox=\box86
))) (/usr/local/texlive/2022basic/texmf-dist/tex/generic/pgf/libraries/pgflibraryarrows.meta.code.tex
File: pgflibraryarrows.meta.code.tex 2021/05/15 v3.1.9a (3.1.9a)
\pgfarrowinset=\dimen278
\pgfarrowlength=\dimen279
\pgfarrowwidth=\dimen280
\pgfarrowlinewidth=\dimen281
) (/usr/local/texlive/2022basic/texmf-dist/tex/generic/pgf/frontendlayer/tikz/libraries/tikzlibraryarrows.code.tex
File: tikzlibraryarrows.code.tex 2021/05/15 v3.1.9a (3.1.9a)
 (/usr/local/texlive/2022basic/texmf-dist/tex/generic/pgf/libraries/pgflibraryarrows.code.tex
File: pgflibraryarrows.code.tex 2021/05/15 v3.1.9a (3.1.9a)
\arrowsize=\dimen282
)) (/usr/local/texlive/2022basic/texmf-dist/tex/generic/pgf/frontendlayer/tikz/libraries/tikzlibrarycalc.code.tex
File: tikzlibrarycalc.code.tex 2021/05/15 v3.1.9a (3.1.9a)
)) (/usr/local/texlive/2022basic/texmf-dist/tex/latex/bbm-macros/bbm.sty
Package: bbm 1999/03/15 V 1.2 provides fonts for set symbols - TH
LaTeX Font Info:    Overwriting math alphabet `\mathbbm' in version `bold'
(Font)                  U/bbm/m/n --> U/bbm/bx/n on input line 33.
LaTeX Font Info:    Overwriting math alphabet `\mathbbmss' in version `bold'
(Font)                  U/bbmss/m/n --> U/bbmss/bx/n on input line 35.
) (/usr/local/texlive/2022basic/texmf-dist/tex/latex/tools/longtable.sty
Package: longtable 2021-09-01 v4.17 Multi-page Table package (DPC)
\LTleft=\skip59
\LTright=\skip60
\LTpre=\skip61
\LTpost=\skip62
\LTchunksize=\count301
\LTcapwidth=\dimen283
\LT@head=\box87
\LT@firsthead=\box88
\LT@foot=\box89
\LT@lastfoot=\box90
\LT@gbox=\box91
\LT@cols=\count302
\LT@rows=\count303
\c@LT@tables=\count304
\c@LT@chunks=\count305
\LT@p@ftn=\toks44
) (/usr/local/texlive/2022basic/texmf-dist/tex/latex/autobreak/autobreak.sty
Package: autobreak 2017/02/23 v0.3 simple line breaking of long formulae
\everybeforeautobreak=\toks45
\everyafterautobreak=\toks46
\@autobreak@alltoks=\toks47
\@autobreak@linetoks=\toks48
\@autobreak@lhswidth=\dimen284
\@autobreak@rhswidth=\dimen285
\@autobreak@maxlhswidth=\dimen286
\@autobreak@realmaxlhswidth=\dimen287
\@autobreak@maxrhswidth=\dimen288
\c@@autobreak@eqnindex=\count306
\c@@autobreak@subeqnindex=\count307
) (/usr/local/texlive/2022basic/texmf-dist/tex/latex/mdframed/mdframed.sty
Package: mdframed 2013/07/01 1.9b: mdframed
 (/usr/local/texlive/2022basic/texmf-dist/tex/latex/kvoptions/kvoptions.sty
Package: kvoptions 2022-06-15 v3.15 Key value format for package options (HO)
 (/usr/local/texlive/2022basic/texmf-dist/tex/generic/ltxcmds/ltxcmds.sty
Package: ltxcmds 2020-05-10 v1.25 LaTeX kernel commands for general use (HO)
) (/usr/local/texlive/2022basic/texmf-dist/tex/latex/kvsetkeys/kvsetkeys.sty
Package: kvsetkeys 2022-10-05 v1.19 Key value parser (HO)
)) (/usr/local/texlive/2022basic/texmf-dist/tex/latex/l3packages/xparse/xparse.sty (/usr/local/texlive/2022basic/texmf-dist/tex/latex/l3kernel/expl3.sty
Package: expl3 2022-09-28 L3 programming layer (loader) 
 (/usr/local/texlive/2022basic/texmf-dist/tex/latex/l3backend/l3backend-pdftex.def
File: l3backend-pdftex.def 2022-09-28 L3 backend support: PDF output (pdfTeX)
\l__color_backend_stack_int=\count308
\l__pdf_internal_box=\box92
))
Package: xparse 2022-06-22 L3 Experimental document command parser
) (/usr/local/texlive/2022basic/texmf-dist/tex/latex/etoolbox/etoolbox.sty
Package: etoolbox 2020/10/05 v2.5k e-TeX tools for LaTeX (JAW)
\etb@tempcnta=\count309
)
(/usr/local/texlive/2022basic/texmf-dist/tex/latex/zref/zref-abspage.sty
Package: zref-abspage 2022-04-07 v2.34 Module abspage for zref (HO)
 (/usr/local/texlive/2022basic/texmf-dist/tex/latex/zref/zref-base.sty
Package: zref-base 2022-04-07 v2.34 Module base for zref (HO)
 (/usr/local/texlive/2022basic/texmf-dist/tex/generic/infwarerr/infwarerr.sty
Package: infwarerr 2019/12/03 v1.5 Providing info/warning/error messages (HO)
) (/usr/local/texlive/2022basic/texmf-dist/tex/generic/kvdefinekeys/kvdefinekeys.sty
Package: kvdefinekeys 2019-12-19 v1.6 Define keys (HO)
) (/usr/local/texlive/2022basic/texmf-dist/tex/generic/pdftexcmds/pdftexcmds.sty
Package: pdftexcmds 2020-06-27 v0.33 Utility functions of pdfTeX for LuaTeX (HO)
 (/usr/local/texlive/2022basic/texmf-dist/tex/generic/iftex/iftex.sty
Package: iftex 2022/02/03 v1.0f TeX engine tests
)
Package pdftexcmds Info: \pdf@primitive is available.
Package pdftexcmds Info: \pdf@ifprimitive is available.
Package pdftexcmds Info: \pdfdraftmode found.
) (/usr/local/texlive/2022basic/texmf-dist/tex/generic/etexcmds/etexcmds.sty
Package: etexcmds 2019/12/15 v1.7 Avoid name clashes with e-TeX commands (HO)
) (/usr/local/texlive/2022basic/texmf-dist/tex/latex/auxhook/auxhook.sty
Package: auxhook 2019-12-17 v1.6 Hooks for auxiliary files (HO)
)
Package zref Info: New property list: main on input line 767.
Package zref Info: New property: default on input line 768.
Package zref Info: New property: page on input line 769.
) (/usr/local/texlive/2022basic/texmf-dist/tex/latex/base/atbegshi-ltx.sty
Package: atbegshi-ltx 2021/01/10 v1.0c Emulation of the original atbegshi
package with kernel methods
)
\c@abspage=\count310
Package zref Info: New property: abspage on input line 65.
) (/usr/local/texlive/2022basic/texmf-dist/tex/latex/needspace/needspace.sty
Package: needspace 2010/09/12 v1.3d reserve vertical space
)
\mdf@templength=\skip63
\c@mdf@globalstyle@cnt=\count311
\mdf@skipabove@length=\skip64
\mdf@skipbelow@length=\skip65
\mdf@leftmargin@length=\skip66
\mdf@rightmargin@length=\skip67
\mdf@innerleftmargin@length=\skip68
\mdf@innerrightmargin@length=\skip69
\mdf@innertopmargin@length=\skip70
\mdf@innerbottommargin@length=\skip71
\mdf@splittopskip@length=\skip72
\mdf@splitbottomskip@length=\skip73
\mdf@outermargin@length=\skip74
\mdf@innermargin@length=\skip75
\mdf@linewidth@length=\skip76
\mdf@innerlinewidth@length=\skip77
\mdf@middlelinewidth@length=\skip78
\mdf@outerlinewidth@length=\skip79
\mdf@roundcorner@length=\skip80
\mdf@footenotedistance@length=\skip81
\mdf@userdefinedwidth@length=\skip82
\mdf@needspace@length=\skip83
\mdf@frametitleaboveskip@length=\skip84
\mdf@frametitlebelowskip@length=\skip85
\mdf@frametitlerulewidth@length=\skip86
\mdf@frametitleleftmargin@length=\skip87
\mdf@frametitlerightmargin@length=\skip88
\mdf@shadowsize@length=\skip89
\mdf@extratopheight@length=\skip90
\mdf@subtitleabovelinewidth@length=\skip91
\mdf@subtitlebelowlinewidth@length=\skip92
\mdf@subtitleaboveskip@length=\skip93
\mdf@subtitlebelowskip@length=\skip94
\mdf@subtitleinneraboveskip@length=\skip95
\mdf@subtitleinnerbelowskip@length=\skip96
\mdf@subsubtitleabovelinewidth@length=\skip97
\mdf@subsubtitlebelowlinewidth@length=\skip98
\mdf@subsubtitleaboveskip@length=\skip99
\mdf@subsubtitlebelowskip@length=\skip100
\mdf@subsubtitleinneraboveskip@length=\skip101
\mdf@subsubtitleinnerbelowskip@length=\skip102
 (/usr/local/texlive/2022basic/texmf-dist/tex/latex/mdframed/md-frame-1.mdf
File: md-frame-1.mdf 2013/07/01\ 1.9b: md-frame-1
)
\mdf@frametitlebox=\box93
\mdf@footnotebox=\box94
\mdf@splitbox@one=\box95
\mdf@splitbox@two=\box96
\mdf@splitbox@save=\box97
\mdfsplitboxwidth=\skip103
\mdfsplitboxtotalwidth=\skip104
\mdfsplitboxheight=\skip105
\mdfsplitboxdepth=\skip106
\mdfsplitboxtotalheight=\skip107
\mdfframetitleboxwidth=\skip108
\mdfframetitleboxtotalwidth=\skip109
\mdfframetitleboxheight=\skip110
\mdfframetitleboxdepth=\skip111
\mdfframetitleboxtotalheight=\skip112
\mdffootnoteboxwidth=\skip113
\mdffootnoteboxtotalwidth=\skip114
\mdffootnoteboxheight=\skip115
\mdffootnoteboxdepth=\skip116
\mdffootnoteboxtotalheight=\skip117
\mdftotallinewidth=\skip118
\mdfboundingboxwidth=\skip119
\mdfboundingboxtotalwidth=\skip120
\mdfboundingboxheight=\skip121
\mdfboundingboxdepth=\skip122
\mdfboundingboxtotalheight=\skip123
\mdf@freevspace@length=\skip124
\mdf@horizontalwidthofbox@length=\skip125
\mdf@verticalmarginwhole@length=\skip126
\mdf@horizontalspaceofbox=\skip127
\mdfsubtitleheight=\skip128
\mdfsubsubtitleheight=\skip129
\c@mdfcountframes=\count312

****** mdframed patching \endmdf@trivlist

****** -- success******

\mdf@envdepth=\count313
\c@mdf@env@i=\count314
\c@mdf@env@ii=\count315
\c@mdf@zref@counter=\count316
Package zref Info: New property: mdf@pagevalue on input line 895.
)
\c@thm=\count317
\c@ex=\count318
 (./main.aux)
\openout1 = `main.aux'.

LaTeX Font Info:    Checking defaults for OML/cmm/m/it on input line 60.
LaTeX Font Info:    ... okay on input line 60.
LaTeX Font Info:    Checking defaults for OMS/cmsy/m/n on input line 60.
LaTeX Font Info:    ... okay on input line 60.
LaTeX Font Info:    Checking defaults for OT1/cmr/m/n on input line 60.
LaTeX Font Info:    ... okay on input line 60.
LaTeX Font Info:    Checking defaults for T1/cmr/m/n on input line 60.
LaTeX Font Info:    ... okay on input line 60.
LaTeX Font Info:    Checking defaults for TS1/cmr/m/n on input line 60.
LaTeX Font Info:    ... okay on input line 60.
LaTeX Font Info:    Checking defaults for OMX/cmex/m/n on input line 60.
LaTeX Font Info:    ... okay on input line 60.
LaTeX Font Info:    Checking defaults for U/cmr/m/n on input line 60.
LaTeX Font Info:    ... okay on input line 60.
 (/usr/local/texlive/2022basic/texmf-dist/tex/context/base/mkii/supp-pdf.mkii
[Loading MPS to PDF converter (version 2006.09.02).]
\scratchcounter=\count319
\scratchdimen=\dimen289
\scratchbox=\box98
\nofMPsegments=\count320
\nofMParguments=\count321
\everyMPshowfont=\toks49
\MPscratchCnt=\count322
\MPscratchDim=\dimen290
\MPnumerator=\count323
\makeMPintoPDFobject=\count324
\everyMPtoPDFconversion=\toks50
) (/usr/local/texlive/2022basic/texmf-dist/tex/latex/epstopdf-pkg/epstopdf-base.sty
Package: epstopdf-base 2020-01-24 v2.11 Base part for package epstopdf
Package epstopdf-base Info: Redefining graphics rule for `.eps' on input line 485.
 (/usr/local/texlive/2022basic/texmf-dist/tex/latex/latexconfig/epstopdf-sys.cfg
File: epstopdf-sys.cfg 2010/07/13 v1.3 Configuration of (r)epstopdf for TeX Live
)) [1

{/usr/local/texlive/2022basic/texmf-var/fonts/map/pdftex/updmap/pdftex.map}] [2

] (./chapters/abstract.tex
LaTeX Font Info:    Trying to load font information for U+lasy on input line 1.
 (/usr/local/texlive/2022basic/texmf-dist/tex/latex/base/ulasy.fd
File: ulasy.fd 1998/08/17 v2.2e LaTeX symbol font definitions
)
LaTeX Font Info:    Trying to load font information for U+msa on input line 1.
 (/usr/local/texlive/2022basic/texmf-dist/tex/latex/amsfonts/umsa.fd
File: umsa.fd 2013/01/14 v3.01 AMS symbols A
)
LaTeX Font Info:    Trying to load font information for U+msb on input line 1.
 (/usr/local/texlive/2022basic/texmf-dist/tex/latex/amsfonts/umsb.fd
File: umsb.fd 2013/01/14 v3.01 AMS symbols B
)
LaTeX Font Info:    Trying to load font information for U+esint on input line 1.
 (/usr/local/texlive/2022basic/texmf-dist/tex/latex/esint/uesint.fd
File: uesint.fd 
)
LaTeX Font Info:    Trying to load font information for U+rsfs on input line 1.
 (/usr/local/texlive/2022basic/texmf-dist/tex/latex/jknapltx/ursfs.fd
File: ursfs.fd 1998/03/24 rsfs font definition file (jk)
)) [3

] (./chapters/acknowledgements.tex [4

] [5]) [6] (./main.toc [7


] [8])
\tf@toc=\write4
\openout4 = `main.toc'.

 [9]
Package caption Info: Begin \AtBeginDocument code.
Package caption Info: float package is loaded.
Package caption Info: longtable package is loaded.
 (/usr/local/texlive/2022basic/texmf-dist/tex/latex/caption/ltcaption.sty
Package: ltcaption 2021/01/08 v1.4c longtable captions (AR)
)
Package caption Info: End \AtBeginDocument code.
 (./chapters/introduction.tex
Chapter 1.
(./chapters//introduction/physics.tex [1





] [2]
<chapters//introduction/Galton_board.png, id=51, 323.2075pt x 521.95pt>
File: chapters//introduction/Galton_board.png Graphic file (type png)
<use chapters//introduction/Galton_board.png>
Package pdftex.def Info: chapters//introduction/Galton_board.png  used on input line 81.
(pdftex.def)             Requested size: 64.64035pt x 104.38814pt.
 [3]
<chapters//introduction/five_third_law.png, id=58, 331.99031pt x 250.31015pt>
File: chapters//introduction/five_third_law.png Graphic file (type png)
<use chapters//introduction/five_third_law.png>
Package pdftex.def Info: chapters//introduction/five_third_law.png  used on input line 92.
(pdftex.def)             Requested size: 199.19571pt x 150.18724pt.
 [4 <./chapters//introduction/Galton_board.png> <./chapters//introduction/five_third_law.png>] [5] [6]) (./chapters//introduction/feynman.tex [7] [8]
LaTeX Font Info:    Trying to load font information for U+euf on input line 68.
 (/usr/local/texlive/2022basic/texmf-dist/tex/latex/amsfonts/ueuf.fd
File: ueuf.fd 2013/01/14 v3.01 Euler Fraktur
) [9] [10]) (./chapters//introduction/threewave.tex [11]) (./chapters//introduction/fourwave.tex [12] [13]
Overfull \hbox (4.20409pt too wide) in paragraph at lines 48--49
[]\OT1/cmr/m/n/12 The lin-ear term $[] \OML/cmm/m/it/12  []$ \OT1/cmr/m/n/12 can-not be re-moved by chang-ing phase.
 []

[14] [15]) (./chapters//introduction/survey.tex [16])) (./chapters/three wave.tex [17]
Chapter 2.
(./chapters//three wave/introduction.tex [18

]
Overfull \hbox (12.76872pt too wide) in paragraph at lines 23--24
[]\OT1/cmr/m/n/12 The en-ergy spec-trum $\OML/cmm/m/it/12 n\OT1/cmr/m/n/12 (\OML/cmm/m/it/12 t; k\OT1/cmr/m/n/12 )$ men-tioned in pre-vi-ous sec-tion is de-fined to be $\U/msb/m/n/12 E\OMS/cmsy/m/n/12 j[]\OT1/cmr/m/n/12 (\OML/cmm/m/it/12 t; k\OT1/cmr/m/n/12 )\OMS/cmsy/m/n/12 j[]$\OT1/cmr/m/n/12 ,
 []

[19]
Overfull \hbox (41.04745pt too wide) detected at line 85
[]\OML/cmm/m/it/12 n[]\OT1/cmr/m/n/12 (\OML/cmm/m/it/12 k\OT1/cmr/m/n/12 ) = []
 []

[20] [21] [22] [23] [24] [25] [26] [27]) (./chapters//three wave/perturbative_expansion.tex [28] [29] [30]
Overfull \hbox (3.2175pt too wide) in paragraph at lines 89--90
[]\OT1/cmr/bx/n/12 Expanding and fi-nal leaves: \OT1/cmr/m/n/12 Leaves de-noted by $\U/lasy/m/n/12 2$ \OT1/cmr/m/n/12 are called $[]$.
 []

[31] [32] [33] [34] [35] [36] [37]
Overfull \hbox (43.60997pt too wide) in paragraph at lines 394--396
[][] \OMS/cmsy/m/n/12 ^^T \OML/cmm/m/it/12 L[]^^Z[] \U/msa/m/n/12 . \OML/cmm/m/it/12 L[]L[] \OMS/cmsy/m/n/12 ^^\ \OT1/cmr/m/n/12 1$, so we get $[][] \OMS/cmsy/m/n/12 ^^\
 []

[38]
Overfull \hbox (16.4569pt too wide) in paragraph at lines 408--409
[]\OT1/cmr/m/n/12 Taking $\OML/cmm/m/it/12 K \OT1/cmr/m/n/12 = 1$ in [], we know that $[][] \OMS/cmsy/m/n/12 ^^T \OML/cmm/m/it/12 L[]$\OT1/cmr/m/n/12 , so $[][] \OMS/cmsy/m/n/12 ^^T
 []

[39]
Overfull \hbox (13.55536pt too wide) in paragraph at lines 427--428
[]\OT1/cmr/m/n/12 Denote by $\OML/cmm/m/it/12 A$ \OT1/cmr/m/n/12 the event that the above es-ti-mate is true, then $\U/msb/m/n/12 E\OMS/cmsy/m/n/12 j[]\OT1/cmr/m/n/12 (\OML/cmm/m/it/12 t; k\OT1/cmr/m/n/12 )\OMS/cmsy/m/n/12 j[] \OT1/cmr/m/n/12 = \U/msb/m/n/12 E\OT1/cmr/m/n/12 (\OMS/cmsy/m/n/12 j\OML/cmm/m/it/12  []\OMS/cmsy/m/n/12 j[]\OT1/cmr/m/n/12 1[]) +
 []


Overfull \hbox (6.35567pt too wide) in paragraph at lines 435--437
\OT1/cmr/m/n/12 This sug-gests that we may get the ap-prox-i-ma-tion of $\U/msb/m/n/12 E\OMS/cmsy/m/n/12 j[]\OT1/cmr/m/n/12 (\OML/cmm/m/it/12 t; k\OT1/cmr/m/n/12 )\OMS/cmsy/m/n/12 j[]$ \OT1/cmr/m/n/12 by cal-cu-lat-ing $\U/msb/m/n/12 E\OMS/cmsy/m/n/12 j\OML/cmm/m/it/12  []\OMS/cmsy/m/n/12 j[]$\OT1/cmr/m/n/12 . 
 []

[40]) (./chapters//three wave/convergence.tex [41] [42] [43] [44]
Overfull \hbox (77.91414pt too wide) detected at line 213
[]
 []

[45]
Overfull \hbox (32.25507pt too wide) detected at line 243
[]
 []


Overfull \hbox (46.16272pt too wide) detected at line 249
[]
 []


Overfull \hbox (64.676pt too wide) detected at line 255
[]
 []

[46]
Overfull \hbox (8.70624pt too wide) in paragraph at lines 263--264
[]\OT1/cmr/m/n/12 We can ap-ply the in-duc-tion as-sump-tion to $\OML/cmm/m/it/12 F[]$ \OT1/cmr/m/n/12 and show that $[]\OML/cmm/m/it/12 F[]$
 []

[47] [48] [49] [50]
Overfull \hbox (45.95375pt too wide) detected at line 468
[]
 []

[51]
Overfull \hbox (57.041pt too wide) detected at line 482
[]\OMS/cmsy/m/n/12 f\OML/cmm/m/it/12 k[]; k[] \OMS/cmsy/m/n/12 2 \U/msb/m/n/12 Z[]\OML/cmm/m/it/12 ;  \OMS/cmsy/m/n/12 j\OML/cmm/m/it/12 k[]\OMS/cmsy/m/n/12 j\OML/cmm/m/it/12 ; \OMS/cmsy/m/n/12 j\OML/cmm/m/it/12 k[]\OMS/cmsy/m/n/12 j \U/msa/m/n/12 . \OT1/cmr/m/n/12 1\OML/cmm/m/it/12 ;  \OMS/cmsy/m/n/12 8\U/euf/m/n/12 e\OML/cmm/m/it/12 ; \U/euf/m/n/12 e[] \OMS/cmsy/m/n/12 2 \OML/cmm/m/it/12 T \OT1/cmr/m/n/12 : \OMS/cmsy/m/n/12 j\OT1/cmr/m/n/12 
[]\OMS/cmsy/m/n/12 j\OML/cmm/m/it/12 ; \OMS/cmsy/m/n/12 j\OT1/cmr/m/n/12 
[]\OMS/cmsy/m/n/12 j \U/msa/m/n/12 . \OML/cmm/m/it/12 T[];  S[] \OT1/cmr/m/n/12 = \OML/cmm/m/it/12 S[] \OT1/cmr/m/n/12 = 0 \OMS/cmsy/m/n/12 8\U/euf/m/n/12 n\OML/cmm/m/it/12 ; \U/euf/m/n/12 n[] \OMS/cmsy/m/n/12 2 \OML/cmm/m/it/12 T: k[] \OT1/cmr/m/n/12 = \OMS/cmsy/m/n/12 ^^@\OML/cmm/m/it/12 k[] \OT1/cmr/m/n/12 = \OML/cmm/m/it/12 k\OMS/cmsy/m/n/12 g\OML/cmm/m/it/12 :
 []


Overfull \hbox (34.84016pt too wide) detected at line 493
[]
 []

[52] [53]
Overfull \hbox (46.14508pt too wide) detected at line 682
[]
 []

[54] [55]
Overfull \hbox (48.37773pt too wide) detected at line 742
[][] \OT1/cmr/m/n/12 = \OMS/cmsy/m/n/12 f\OML/cmm/m/it/12 k[] \OMS/cmsy/m/n/12 2 \U/msb/m/n/12 Z[]\OML/cmm/m/it/12 ;  \OMS/cmsy/m/n/12 j\OML/cmm/m/it/12 k[]\OMS/cmsy/m/n/12 j \U/msa/m/n/12 . \OT1/cmr/m/n/12 1 \OMS/cmsy/m/n/12 8\U/euf/m/n/12 e \OMS/cmsy/m/n/12 2 C \OT1/cmr/m/n/12 :  \OMS/cmsy/m/n/12 j\OML/cmm/m/it/12 k[]\OMS/cmsy/m/n/12 j ^^X \OML/cmm/m/it/12 ^^T[];  \OMS/cmsy/m/n/12 8\U/euf/m/n/12 e \OMS/cmsy/m/n/12 2 C[]\OML/cmm/m/it/12 : MC[];  EC[];  \OMS/cmsy/m/n/12 8\U/euf/m/n/12 n \OMS/cmsy/m/n/12 2 C\OML/cmm/m/it/12 : k[] \OT1/cmr/m/n/12 = \OMS/cmsy/m/n/12 ^^@\OML/cmm/m/it/12 k[] \OT1/cmr/m/n/12 = \OML/cmm/m/it/12 k:\OMS/cmsy/m/n/12 g
 []

[56]
Overfull \hbox (27.88312pt too wide) in paragraph at lines 835--836
 [][] 
 []


Overfull \hbox (10.85637pt too wide) detected at line 858
[]\OML/cmm/m/it/12 A \OT1/cmr/m/n/12 = \OMS/cmsy/m/n/12 f\OML/cmm/m/it/12 a; e \OT1/cmr/m/n/12 :  \OMS/cmsy/m/n/12 j\OML/cmm/m/it/12 a\OMS/cmsy/m/n/12 j\OML/cmm/m/it/12 ; \OMS/cmsy/m/n/12 j\OML/cmm/m/it/12 e\OMS/cmsy/m/n/12 j \U/msa/m/n/12 . \OT1/cmr/m/n/12 1\OML/cmm/m/it/12 ;  \OMS/cmsy/m/n/12 j\OML/cmm/m/it/12 a[]\OMS/cmsy/m/n/12 j ^^X \OML/cmm/m/it/12 ^^T[]; \OMS/cmsy/m/n/12 j\OML/cmm/m/it/12 e[]\OMS/cmsy/m/n/12 j ^^X \OML/cmm/m/it/12 ^^T[]; a \OT1/cmr/m/n/12 + \OML/cmm/m/it/12 e \OT1/cmr/m/n/12 = \OML/cmm/m/it/12 k;  \OT1/cmr/m/n/12 ^^C(\OML/cmm/m/it/12 a\OT1/cmr/m/n/12 ) + ^^C(\OML/cmm/m/it/12 e\OT1/cmr/m/n/12 ) \OMS/cmsy/m/n/12 ^^@ \OT1/cmr/m/n/12 ^^C(\OML/cmm/m/it/12 k\OT1/cmr/m/n/12 ) = \OML/cmm/m/it/12 ^^[[] \OT1/cmr/m/n/12 + \OML/cmm/m/it/12 O\OT1/cmr/m/n/12 (\OML/cmm/m/it/12 T[]\OT1/cmr/m/n/12 )\OMS/cmsy/m/n/12 g
 []

[57] [58]
Overfull \hbox (33.92256pt too wide) detected at line 911
[]
 []


Overfull \hbox (29.3747pt too wide) detected at line 911
[][]
 []

[59] [60]
Overfull \hbox (27.88312pt too wide) in paragraph at lines 1049--1050
 [][] 
 []

[61]
Overfull \hbox (53.29825pt too wide) detected at line 1097
[]
 []

[62] [63] [64]
Package mdframed Info: mdframed detected package amsthm 
 changed the theorem header of amsthm
(mdframed)              on input line 1209.
Package mdframed Info: Box was splittet wrong
 starting loop to iterate the splitting point
(mdframed)              on input line 1428.
 [65] [66] [67] [68] [69] [70] [71] [72] [73] [74]
Overfull \hbox (19.58789pt too wide) in paragraph at lines 1606--1607
[]$[]$\OT1/cmr/m/n/12 , we cut $\OML/cmm/m/it/12 c\OT1/cmr/m/n/12 (\U/euf/m/n/12 l\OT1/cmr/m/n/12 ) = \OMS/cmsy/m/n/12 f\U/euf/m/n/12 e[]\OML/cmm/m/it/12 ; \U/euf/m/n/12 e[]\OMS/cmsy/m/n/12 g$ \OT1/cmr/m/n/12 into $\OMS/cmsy/m/n/12 f\U/euf/m/n/12 e[]\OML/cmm/m/it/12 ; \U/euf/m/n/12 e[]\OMS/cmsy/m/n/12 g$ \OT1/cmr/m/n/12 and $\OMS/cmsy/m/n/12 f\U/euf/m/n/12 e[]\OML/cmm/m/it/12 ; \U/euf/m/n/12 e[]\OMS/cmsy/m/n/12 g$\OT1/cmr/m/n/12 .
 []


Overfull \hbox (27.37502pt too wide) in paragraph at lines 1614--1615
\OT1/cmr/m/n/12 be con-structed from $\OML/cmm/m/it/12 T[]; []  ; T[]$ \OT1/cmr/m/n/12 with $[][](\OML/cmm/m/it/12 k \OT1/cmr/m/n/12 + 1) = \OMS/cmsy/m/n/12 f[]\OML/cmm/m/it/12 T[]; []  ; T[]\OMS/cmsy/m/n/12 g$\OT1/cmr/m/n/12 .
 []

[75]
Overfull \hbox (8.981pt too wide) in paragraph at lines 1646--1648
[]$[]$ \OT1/cmr/m/n/12 By Propo-si-tion 2.3.19[] (2),
 []

[76]
Overfull \hbox (24.69571pt too wide) in paragraph at lines 1658--1659
[]$[]$ \OT1/cmr/m/n/12 Con-sider the set $\OMS/cmsy/m/n/12 S \OT1/cmr/m/n/12 = \OMS/cmsy/m/n/12 f\OT1/cmr/m/n/12 (\U/euf/m/n/12 n\OML/cmm/m/it/12 ; \U/euf/m/n/12 e\OT1/cmr/m/n/12 ) \OMS/cmsy/m/n/12 2 C \OT1/cmr/m/n/12 : \U/euf/m/n/12 n[]e\OMS/cmsy/m/n/12 g$\OT1/cmr/m/n/12 ,
 []

[77]
Overfull \hbox (11.20041pt too wide) in paragraph at lines 1701--1702
[]$[]$ \OT1/cmr/m/n/12 We prove the fol-low-ing Lemma 2.3.25[]
 []

[78] [79]
Overfull \hbox (47.22682pt too wide) detected at line 1776
[]
 []

[80] [81]
Overfull \hbox (23.47069pt too wide) in paragraph at lines 1887--1888
[]\OT1/cmr/m/n/12 Since $\OML/cmm/m/it/12 n[]$ \OT1/cmr/m/n/12 are com-pactly sup-ported and there are bounded many of them in $\OML/cmm/m/it/12 Term\OT1/cmr/m/n/12 (\OML/cmm/m/it/12 T; p\OT1/cmr/m/n/12 )[]$,
 []

[82]
Overfull \hbox (6.95633pt too wide) detected at line 1911
[]
 []


Overfull \hbox (6.47372pt too wide) detected at line 1920
[]
 []

[83]
Overfull \hbox (1.5737pt too wide) detected at line 1935
[]\OMS/cmsy/m/n/12 j\OML/cmm/m/it/12 Term\OT1/cmr/m/n/12 (\OML/cmm/m/it/12 T; p\OT1/cmr/m/n/12 )[]\OMS/cmsy/m/n/12 j \U/msa/m/n/12 . [] [] [] [] [] \OMS/cmsy/m/n/12 j\OML/cmm/m/it/12 k[]\OMS/cmsy/m/n/12 j \OML/cmm/m/it/12 ^^N[]
 []

[84] [85] [86]
Overfull \hbox (34.13927pt too wide) detected at line 2019
[]
 []

[87]
Overfull \hbox (24.80603pt too wide) in paragraph at lines 2071--2073
\OML/cmm/m/it/12 ^^Z[]$\OT1/cmr/m/n/12 . There-fore, if $[][] [][] \OMS/cmsy/m/n/12 j\OT1/cmr/m/n/12 (\OMS/cmsy/m/n/12 J[]\OT1/cmr/m/n/12 )[](\OML/cmm/m/it/12 i^^Z[]L[]\OT1/cmr/m/n/12 )\OMS/cmsy/m/n/12 j \U/msa/m/n/12 . \OML/cmm/m/it/12 L[]^^Z[]$\OT1/cmr/m/n/12 , then $[][] [][] \OMS/cmsy/m/n/12 j\OT1/cmr/m/n/12 (\OMS/cmsy/m/n/12 J[]\OT1/cmr/m/n/12 )[](\OML/cmm/m/it/12 t\OT1/cmr/m/n/12 )\OMS/cmsy/m/n/12 j \U/msa/m/n/12 .
 []

[88] [89]
Overfull \hbox (13.20041pt too wide) detected at line 2126
[][][] \OT1/cmr/m/n/12 = [][] \OMS/cmsy/m/n/12 ^^T \OML/cmm/m/it/12 L[]^^Z[]:
 []

[90]
Overfull \hbox (17.73492pt too wide) in paragraph at lines 2155--2156
[][] \OT1/cmr/m/n/12 im-plies that $[][] \U/msa/m/n/12 . \OML/cmm/m/it/12 L[]^^Z[] [][] \U/msa/m/n/12 . \OML/cmm/m/it/12 L[]^^Z[] [][]$\OT1/cmr/m/n/12 ,
 []


Overfull \hbox (37.4838pt too wide) in paragraph at lines 2157--2158
[]\OT1/cmr/m/n/12 Now we prove []. Be-cause $\OML/cmm/m/it/12 L \OT1/cmr/m/n/12 = [][] \OMS/cmsy/m/n/12 P[]$ \OT1/cmr/m/n/12 and $\OML/cmm/m/it/12 L[] \OT1/cmr/m/n/12 = [][] \OMS/cmsy/m/n/12 P[] [] P[]$\OT1/cmr/m/n/12 ,
 []

[91] [92] [93]
Overfull \hbox (65.74084pt too wide) detected at line 2330
[]\OMS/cmsy/m/n/12 J[] \OT1/cmr/m/n/12 = [][] [] [][] \OML/cmm/m/it/12 e[] []\OT1/cmr/m/n/12 (\OML/cmm/m/it/12 ^^X\OMS/cmsy/m/n/12 j\OML/cmm/m/it/12 w\OT1/cmr/m/n/12 )[] [] \OML/cmm/m/it/12 dt[] ^^N[]  [] ^^S[]k[]
 []

[94]
Overfull \hbox (57.06242pt too wide) detected at line 2355
[]\OML/cmm/m/it/12 A[] \OT1/cmr/m/n/12 = []
 []

[95]
Overfull \hbox (55.30502pt too wide) detected at line 2411
[]\OML/cmm/m/it/12 B[] \OT1/cmr/m/n/12 = []
 []

[96] [97] [98]
Overfull \hbox (31.38126pt too wide) detected at line 2521
[]
 []


Overfull \hbox (93.7677pt too wide) detected at line 2532
[]
 []

[99]
Overfull \hbox (41.78171pt too wide) detected at line 2538
[]
 []


Overfull \hbox (5.38974pt too wide) detected at line 2561
[]
 []

[100] [101]
Overfull \hbox (29.53224pt too wide) detected at line 2584
[]\OML/cmm/m/it/12 F[]\OT1/cmr/m/n/12 (\OML/cmm/m/it/12 t\OT1/cmr/m/n/12 ) = [][] \OML/cmm/m/it/12 e[][]\OT1/cmr/m/n/12 (\OML/cmm/m/it/12 e[]\OT1/cmr/m/n/12 )\OML/cmm/m/it/12 F[]\OT1/cmr/m/n/12 (\OML/cmm/m/it/12 t[]\OT1/cmr/m/n/12 )\OML/cmm/m/it/12 F[]\OT1/cmr/m/n/12 (\OML/cmm/m/it/12 t[]\OT1/cmr/m/n/12 )\OML/cmm/m/it/12 dt[]:
 []

[102]
Overfull \hbox (34.46251pt too wide) detected at line 2639
[]
 []

[103]
Overfull \hbox (34.46251pt too wide) detected at line 2674
[]
 []


Overfull \hbox (43.91353pt too wide) in paragraph at lines 2676--2677
[]\OT1/cmr/m/n/12 Since $\OML/cmm/m/it/12 n[]$ \OT1/cmr/m/n/12 are com-pactly sup-ported and there are bounded many of them in $\OML/cmm/m/it/12 Term\OT1/cmr/m/n/12 (\OML/cmm/m/it/12 T; p\OT1/cmr/m/n/12 )[]$,
 []

[104]
Overfull \hbox (2.32924pt too wide) detected at line 2710
[]
 []

[105]
Overfull \hbox (1.62778pt too wide) in paragraph at lines 2712--2713
[]\OT1/cmr/m/n/12 Consider a tree $\OML/cmm/m/it/12 T$ \OT1/cmr/m/n/12 with a $\U/lasy/m/n/12 2$ \OT1/cmr/m/n/12 nodes and a pair-ing $\OML/cmm/m/it/12 p \OMS/cmsy/m/n/12 2 P\OT1/cmr/m/n/12 (\OMS/cmsy/m/n/12 f\OML/cmm/m/it/12 k[]; []  ; k[]; k[]; []  ; k[]\OMS/cmsy/m/n/12 g\OT1/cmr/m/n/12 )$.
 []


Overfull \hbox (1.78416pt too wide) detected at line 2734
[]
 []

[106] [107] [108] [109]
Overfull \hbox (41.52303pt too wide) detected at line 2867
[]\OML/cmm/m/it/12 n[]\OT1/cmr/m/n/12 (\OML/cmm/m/it/12 k\OT1/cmr/m/n/12 ) = []
 []

[110]
Overfull \hbox (16.92467pt too wide) in paragraph at lines 2917--2918
\OT1/cmr/m/n/12 have the de-com-po-si-tion $\OML/cmm/m/it/12 e[] \OT1/cmr/m/n/12 = 1 + (\OML/cmm/m/it/12 e[] \OMS/cmsy/m/n/12 ^^@ \OT1/cmr/m/n/12 1) = 1 \OMS/cmsy/m/n/12 ^^@ [] \OML/cmm/m/it/12 ^^W\OMS/cmsy/m/n/12 j\OML/cmm/m/it/12 k\OMS/cmsy/m/n/12 j[]\OT1/cmr/m/n/12 (\OML/cmm/m/it/12 t \OMS/cmsy/m/n/12 ^^@
 []


Overfull \hbox (31.50436pt too wide) detected at line 2926
[]\OML/cmm/m/it/12  [] \OT1/cmr/m/n/12 = \OMS/cmsy/m/n/12 ^^@\OT1/cmr/m/n/12 2 [][] [] \OML/cmm/m/it/12 k[]\OT1/cmr/m/n/12 (\OML/cmm/m/it/12 k[] \OT1/cmr/m/n/12 + \OML/cmm/m/it/12 k[]\OT1/cmr/m/n/12 )\OML/cmm/m/it/12 ^^X[]^^X[]^^X[] [][] e[]e[]dsdr
 []

[111]
Overfull \hbox (18.56612pt too wide) detected at line 2933
[]
 []

[112]
Overfull \hbox (37.52887pt too wide) in paragraph at lines 2975--2976
[]\OT1/cmr/m/n/12 To de-rive an up-per bound for $\OML/cmm/m/it/12 n[]\OT1/cmr/m/n/12 (\OML/cmm/m/it/12 k\OT1/cmr/m/n/12 )$, it suf-fices to con-sider $\U/msb/m/n/12 E [][]$\OT1/cmr/m/n/12 , $[] \U/msb/m/n/12 E []$
 []

[113] [114]
Overfull \hbox (10.20828pt too wide) detected at line 3044
[]
 []

[115] [116]
Overfull \hbox (44.17105pt too wide) detected at line 3172
[]
 []

[117])) (./chapters/four wave.tex [118]
Chapter 3.
(./chapters//four wave/introduction.tex [119

]
Overfull \hbox (18.41379pt too wide) detected at line 34
[]
 []

[120]
Overfull \hbox (83.61705pt too wide) in paragraph at lines 68--69
\OT1/cmr/m/n/12 have such a good struc-ture. The Fourier co-ef-fi-cients of the non-lin-ear-ity $\OML/cmm/m/it/12 ^^U[]\OT1/cmr/m/n/12 ^^C(\OMS/cmsy/m/n/12 r\OT1/cmr/m/n/12 )[]\OMS/cmsy/m/n/12 j\OT1/cmr/m/n/12 ^^C(\OMS/cmsy/m/n/12 r\OT1/cmr/m/n/12 )[]\OML/cmm/m/it/12  \OMS/cmsy/m/n/12 j[]\OT1/cmr/m/n/12 ^^C(\OMS/cmsy/m/n/12 r\OT1/cmr/m/n/12 )[]\OML/cmm/m/it/12  $
 []

[121] [122]
Overfull \hbox (6.95786pt too wide) detected at line 137
[]
 []

[123]
Overfull \hbox (5.21806pt too wide) in paragraph at lines 153--154
\OML/cmm/m/it/12 CL[]$ \OT1/cmr/m/n/12 ($\OML/cmm/m/it/12 C; M \OMS/cmsy/m/n/12 ^^] \OT1/cmr/m/n/12 1$), in or-der to close the boot-strap, we need to prove that $[][] \OMS/cmsy/m/n/12 jj\OML/cmm/m/it/12 w\OMS/cmsy/m/n/12 jj[] ^^T
 []


Overfull \hbox (13.28725pt too wide) detected at line 163
[]\OMS/cmsy/m/n/12 jj\OML/cmm/m/it/12 Err\OT1/cmr/m/n/12 (\OML/cmm/m/it/12 ^^X\OT1/cmr/m/n/12 )\OMS/cmsy/m/n/12 jj[] ^^T \OML/cmm/m/it/12 L[];  \OMS/cmsy/m/n/12 jj\OML/cmm/m/it/12 B\OT1/cmr/m/n/12 (\OML/cmm/m/it/12 w; w\OT1/cmr/m/n/12 )\OMS/cmsy/m/n/12 jj[] ^^T \OML/cmm/m/it/12 C[]L[];  \OMS/cmsy/m/n/12 jj\OML/cmm/m/it/12 C\OT1/cmr/m/n/12 (\OML/cmm/m/it/12 w; w; w\OT1/cmr/m/n/12 )\OMS/cmsy/m/n/12 jj[] ^^T \OML/cmm/m/it/12 C[]L[]:
 []

[124] [125]
Overfull \hbox (15.02168pt too wide) in paragraph at lines 186--187
[]$[]$\OT1/cmr/m/n/12 : The usual Wick the-o-rem says that $\U/msb/m/n/12 E\OML/cmm/m/it/12 ^^X[][] [] [] \OT1/cmr/m/n/12 =
 []

[126]
Overfull \hbox (25.81139pt too wide) in paragraph at lines 211--212
\OMS/cmsy/m/n/12 j\OML/cmm/m/it/12 B[]\OT1/cmr/m/n/12 (\OML/cmm/m/it/12 s\OT1/cmr/m/n/12 )\OMS/cmsy/m/n/12 j\OML/cmm/m/it/12 ; \OMS/cmsy/m/n/12 j\OML/cmm/m/it/12 C[]\OT1/cmr/m/n/12 (\OML/cmm/m/it/12 s\OT1/cmr/m/n/12 )\OMS/cmsy/m/n/12 j \U/msa/m/n/12 . \OT1/cmr/m/n/12 1$ and $\OMS/cmsy/m/n/12 jJ[]\OT1/cmr/m/n/12 (\OML/cmm/m/it/12 ^^X\OT1/cmr/m/n/12 )\OMS/cmsy/m/n/12 j \U/msa/m/n/12 . \OMS/cmsy/m/n/12 h\OML/cmm/m/it/12 k\OMS/cmsy/m/n/12 i[]$\OT1/cmr/m/n/12 . By boos-t-rap as-sump-tion, $[][]\OMS/cmsy/m/n/12 h\OML/cmm/m/it/12 k\OMS/cmsy/m/n/12 i[]j\OML/cmm/m/it/12 w[]\OMS/cmsy/m/n/12 j ^^T
 []

[127] [128]) (./chapters//four wave/perturbative_expansion.tex [129]
Overfull \hbox (16.91325pt too wide) in paragraph at lines 25--27
\OT1/cmr/m/n/12 Here in the sec-ond equal-ity, we use sym-me-try to con-clude that $[][] = [][]$. 
 []


Overfull \hbox (49.86203pt too wide) detected at line 40
[]
 []


Overfull \hbox (31.51424pt too wide) in paragraph at lines 42--43
[]\OT1/cmr/m/n/12 Here we have in-tro-duced the no-ta-tion $^^C[] = ^^C[]^^C[]^^C[]^^C[]$, $\OML/cmm/m/it/12 M\OT1/cmr/m/n/12 (\OML/cmm/m/it/12 t\OT1/cmr/m/n/12 ) = [] [] ^^C[]\OMS/cmsy/m/n/12 j\OML/cmm/m/it/12  []\OMS/cmsy/m/n/12 j[]$
 []


Overfull \hbox (96.53809pt too wide) in paragraph at lines 46--47
\OT1/cmr/m/n/12 and re-move it by rewrit-ing the equa-tion in term of the lin-ear pro-file $\OML/cmm/m/it/12 ^^^[]\OT1/cmr/m/n/12 (\OML/cmm/m/it/12 t\OT1/cmr/m/n/12 ) := \OML/cmm/m/it/12 e[] []\OT1/cmr/m/n/12 (\OML/cmm/m/it/12 t\OT1/cmr/m/n/12 )$. 
 []

[130]
Overfull \hbox (38.0543pt too wide) detected at line 76
[]\OML/cmm/m/it/12 i[] \OT1/cmr/m/n/12 = [] \OML/cmm/m/it/12  [] \OT1/cmr/m/n/12 + [] [] ^^C[] \OML/cmm/m/it/12  [][][] [] \OT1/cmr/m/n/12 + [](\OML/cmm/m/it/12 M\OT1/cmr/m/n/12 (\OML/cmm/m/it/12 t\OT1/cmr/m/n/12 ) \OMS/cmsy/m/n/12 ^^@ \OML/cmm/m/it/12 m\OT1/cmr/m/n/12 (\OML/cmm/m/it/12 t\OT1/cmr/m/n/12 ))^^C(\OML/cmm/m/it/12 k\OT1/cmr/m/n/12 )[]\OML/cmm/m/it/12  []
 []

[131] [132] [133] [134]
Overfull \hbox (3.2175pt too wide) in paragraph at lines 185--186
[]\OT1/cmr/bx/n/12 Expanding and fi-nal leaves: \OT1/cmr/m/n/12 Leaves de-noted by $\U/lasy/m/n/12 2$ \OT1/cmr/m/n/12 are called $[]$.
 []

[135]
Overfull \hbox (40.76259pt too wide) detected at line 251
[]
 []

[136] [137] [138] [139] [140]) (./chapters//four wave/convergence.tex [141] [142]
Overfull \hbox (6.76578pt too wide) in paragraph at lines 189--190
 [][] 
 []

[143]
Overfull \hbox (4.79984pt too wide) detected at line 253
[][] \OT1/cmr/m/n/12 = []
 []

[144] [145] [146] [147] [148]
Overfull \hbox (14.44762pt too wide) in paragraph at lines 454--455
[]\OT1/cmr/m/n/12 Assume that $\OML/cmm/m/it/12 A[] \OT1/cmr/m/n/12 = \OMS/cmsy/m/n/12 f\OML/cmm/m/it/12 a[]; []  ; a[]; b[]; []  ; b[]\OMS/cmsy/m/n/12 g$\OT1/cmr/m/n/12 , $\OML/cmm/m/it/12 A[] \OT1/cmr/m/n/12 = \OMS/cmsy/m/n/12 f\OML/cmm/m/it/12 a[]; []  ; a[]; b[]; []  ; b[]\OMS/cmsy/m/n/12 g$\OT1/cmr/m/n/12 ,
 []

[149] [150] [151] [152] [153]
LaTeX Font Info:    Trying to load font information for U+bbm on input line 689.
 (/usr/local/texlive/2022basic/texmf-dist/tex/latex/bbm-macros/ubbm.fd
File: ubbm.fd 1999/03/15 V 1.2 Font definition for bbm font - TH
) [154]
Overfull \hbox (18.83893pt too wide) detected at line 742
[]
 []

[155]
Overfull \hbox (1.88434pt too wide) detected at line 804
[]\OMS/cmsy/m/n/12 f\OML/cmm/m/it/12 k[]; k[] \OMS/cmsy/m/n/12 2 \U/msb/m/n/12 Z[]\OML/cmm/m/it/12 ;  \OMS/cmsy/m/n/12 j\OML/cmm/m/it/12 k[]\OMS/cmsy/m/n/12 j\OML/cmm/m/it/12 ; \OMS/cmsy/m/n/12 j\OML/cmm/m/it/12 k[]\OMS/cmsy/m/n/12 j \U/msa/m/n/12 . \OT1/cmr/m/n/12 1\OML/cmm/m/it/12 ;  \OMS/cmsy/m/n/12 8\U/euf/m/n/12 e \OT1/cmr/m/n/12 : \OMS/cmsy/m/n/12 j\OT1/cmr/m/n/12 
[]\OMS/cmsy/m/n/12 j\OML/cmm/m/it/12 ; \OMS/cmsy/m/n/12 j\OT1/cmr/m/n/12 
[]\OMS/cmsy/m/n/12 j \U/msa/m/n/12 . \OML/cmm/m/it/12 !;  \OMS/cmsy/m/n/12 8\U/euf/m/n/12 n\OML/cmm/m/it/12 : \OMS/cmsy/m/n/12 f\OML/cmm/m/it/12 k[]\OMS/cmsy/m/n/12 g[]\OML/cmm/m/it/12 ; \OMS/cmsy/m/n/12 f\OML/cmm/m/it/12 k[]\OMS/cmsy/m/n/12 g[] 2 \[]\OML/cmm/m/it/12 S[]: k[] \OT1/cmr/m/n/12 = \OML/cmm/m/it/12 k[] \OT1/cmr/m/n/12 = \OML/cmm/m/it/12 k\OMS/cmsy/m/n/12 g\OML/cmm/m/it/12 :
 []

[156]
Overfull \hbox (0.41206pt too wide) detected at line 812
[]
 []

[157] [158] [159]
Overfull \hbox (56.83948pt too wide) detected at line 1152
[]
 []


Overfull \hbox (49.73703pt too wide) detected at line 1181
[]
 []

[160] [161]
Overfull \hbox (27.88312pt too wide) in paragraph at lines 1303--1304
 [][] 
 []

[162] [163] [164]
Overfull \hbox (27.88312pt too wide) in paragraph at lines 1512--1513
 [][] 
 []

[165]
Overfull \hbox (48.36472pt too wide) detected at line 1549
[]
 []


Overfull \hbox (48.36472pt too wide) detected at line 1561
[]
 []

[166] [167] [168] [169] [170] [171] [172]
Overfull \hbox (23.96318pt too wide) in paragraph at lines 1825--1826
[]\OT1/cmr/bx/n/12 Chain of bad cir-cle nodes. \OT1/cmr/m/n/12 Given a renor-mal-iza-tion for-est $\OML/cmm/m/it/12 F$\OT1/cmr/m/n/12 , a $[]$
 []

[173] [174] [175] [176] [177]
Overfull \hbox (17.72273pt too wide) in paragraph at lines 2114--2115
[]\OT1/cmr/m/it/12 This in-equal-ity is im-por-tant be-cause the or-der of mag-ni-tude of $[]\OML/cmm/m/it/12 Term\OT1/cmr/m/n/12 (\OML/cmm/m/it/12 T; T[]; p\OT1/cmr/m/n/12 )$
 []

[178] [179] [180]
Overfull \hbox (52.56938pt too wide) detected at line 2211
[]
 []

[181] [182] [183] [184] [185]
Overfull \hbox (18.52887pt too wide) in paragraph at lines 2433--2434
[]\OT1/cmr/m/n/12 Unlike case 1.1 we can-not sim-ply ap-ply in-duc-tion as-sump-tion to bound $#\OML/cmm/m/it/12 Eq\OT1/cmr/m/n/12 (\OMS/cmsy/m/n/12 C[]\OML/cmm/m/it/12 ; \OMS/cmsy/m/n/12 f\OML/cmm/m/it/12 c[]\OMS/cmsy/m/n/12 g\OT1/cmr/m/n/12 )$.
 []


Overfull \hbox (11.17876pt too wide) detected at line 2444
[]\OML/cmm/m/it/12 Eq\OT1/cmr/m/n/12 (\OMS/cmsy/m/n/12 C\OML/cmm/m/it/12 ; c[]\OT1/cmr/m/n/12 ) = [] \OML/cmm/m/it/12 :
 []

[186] [187] [188]
Overfull \hbox (21.24124pt too wide) detected at line 2542
[]
 []

[189] [190] [191] [192] [193] [194]
Overfull \hbox (65.2557pt too wide) detected at line 2954
[]\OML/cmm/m/it/12 Term\OT1/cmr/m/n/12 (\OML/cmm/m/it/12 T; p\OT1/cmr/m/n/12 ) = [] \OML/cmm/m/it/12 H[]H[]^^N[]\OT1/cmr/m/n/12 (\OML/cmm/m/it/12 k[]; []  ; k[]; k[]; []  ; k[]\OT1/cmr/m/n/12 )[] []
 []

[195] [196] [197]
Overfull \hbox (10.349pt too wide) detected at line 3291
[]
 []


Overfull \hbox (25.52786pt too wide) detected at line 3301
[]\OT1/cmr/m/n/12 2[] \OML/cmm/m/it/12 H[]\OT1/cmr/m/n/12 (\OML/cmm/m/it/12 t; t[]\OT1/cmr/m/n/12 ) = \OML/cmm/m/it/12 i []  e[] dt[]dt[]\OT1/cmr/m/n/12 ^^C[]^^C[]^^C[]^^C[]\OML/cmm/m/it/12 :
 []

)) (./chapters/number theory.tex [198]
Chapter 4.
[199

] [200] [201] [202] [203] [204] [205] [206] [207]
Overfull \hbox (1.47964pt too wide) detected at line 375
[][] \OML/cmm/m/it/12 T\OT1/cmr/m/n/12 # [] \OMS/cmsy/m/n/12 ^^T \OML/cmm/m/it/12 L[]:
 []


Overfull \hbox (22.81015pt too wide) detected at line 397
[][] \OML/cmm/m/it/12 T\OT1/cmr/m/n/12 # [] \OMS/cmsy/m/n/12 ^^T \OML/cmm/m/it/12 L[]
 []


Overfull \hbox (18.28487pt too wide) detected at line 412
[][] \OML/cmm/m/it/12 T\OT1/cmr/m/n/12 # [] \OMS/cmsy/m/n/12 ^^T \OML/cmm/m/it/12 L[]
 []

[208] [209] [210]
Overfull \hbox (19.2965pt too wide) detected at line 549
[]\OMS/cmsy/m/n/12 D[]\OT1/cmr/m/n/12 ([\OMS/cmsy/m/n/12 ^^@\OML/cmm/m/it/12 T[]; T[]\OT1/cmr/m/n/12 ]) = []
 []


Overfull \hbox (40.54861pt too wide) detected at line 605
[]
 []

[211]
Overfull \hbox (4.27063pt too wide) in paragraph at lines 634--635
[]\OT1/cmr/m/n/12 Define $\OMS/cmsy/m/n/12 D[] \OT1/cmr/m/n/12 = []$, then
 []

[212]
Overfull \hbox (0.39531pt too wide) detected at line 692
[]\OMS/cmsy/m/n/12 D[]\OT1/cmr/m/n/12 ([\OMS/cmsy/m/n/12 ^^@\OML/cmm/m/it/12 T[]; T[]\OT1/cmr/m/n/12 ]) = []
 []

[213] [214] [215] [216]
Overfull \hbox (21.89589pt too wide) detected at line 829
[]
 []

[217]) (./main.bbl [218] [219

] [220] [221] [222]) [223] (./main.aux) ) 
Here is how much of TeX's memory you used:
 22318 strings out of 476522
 474707 string characters out of 5813136
 872282 words of memory out of 5000000
 42997 multiletter control sequences out of 15000+600000
 481480 words of font info for 82 fonts, out of 8000000 for 9000
 319 hyphenation exceptions out of 8191
 99i,29n,94p,2075b,1752s stack positions out of 10000i,1000n,20000p,200000b,200000s
 </Users/xiaom/Library/texlive/2022basic/texmf-var/fonts/pk/ljfour/public/bbm/bbm12.600pk> </Users/xiaom/Library/texlive/2022basic/texmf-var/fonts/pk/ljfour/public/esint/esint10.480pk> </Users/xiaom/Library/texlive/2022basic/texmf-var/fonts/pk/ljfour/public/esint/esint10.720pk> </Users/xiaom/Library/texlive/2022basic/texmf-var/fonts/pk/ljfour/jknappen/ec/tcrm1200.600pk></usr/local/texlive/2022basic/texmf-dist/fonts/type1/public/amsfonts/cm/cmbx12.pfb></usr/local/texlive/2022basic/texmf-dist/fonts/type1/public/amsfonts/cm/cmcsc10.pfb></usr/local/texlive/2022basic/texmf-dist/fonts/type1/public/amsfonts/cm/cmex10.pfb></usr/local/texlive/2022basic/texmf-dist/fonts/type1/public/amsfonts/cmextra/cmex7.pfb></usr/local/texlive/2022basic/texmf-dist/fonts/type1/public/amsfonts/cmextra/cmex8.pfb></usr/local/texlive/2022basic/texmf-dist/fonts/type1/public/amsfonts/cm/cmmi12.pfb></usr/local/texlive/2022basic/texmf-dist/fonts/type1/public/amsfonts/cm/cmmi6.pfb></usr/local/texlive/2022basic/texmf-dist/fonts/type1/public/amsfonts/cm/cmmi8.pfb></usr/local/texlive/2022basic/texmf-dist/fonts/type1/public/amsfonts/cm/cmr12.pfb></usr/local/texlive/2022basic/texmf-dist/fonts/type1/public/amsfonts/cm/cmr6.pfb></usr/local/texlive/2022basic/texmf-dist/fonts/type1/public/amsfonts/cm/cmr8.pfb></usr/local/texlive/2022basic/texmf-dist/fonts/type1/public/amsfonts/cm/cmsy10.pfb></usr/local/texlive/2022basic/texmf-dist/fonts/type1/public/amsfonts/cm/cmsy6.pfb></usr/local/texlive/2022basic/texmf-dist/fonts/type1/public/amsfonts/cm/cmsy8.pfb></usr/local/texlive/2022basic/texmf-dist/fonts/type1/public/amsfonts/cm/cmti12.pfb></usr/local/texlive/2022basic/texmf-dist/fonts/type1/public/amsfonts/cm/cmti7.pfb></usr/local/texlive/2022basic/texmf-dist/fonts/type1/public/amsfonts/cm/cmti8.pfb></usr/local/texlive/2022basic/texmf-dist/fonts/type1/public/amsfonts/euler/eufm10.pfb></usr/local/texlive/2022basic/texmf-dist/fonts/type1/public/amsfonts/euler/eufm7.pfb></usr/local/texlive/2022basic/texmf-dist/fonts/type1/public/amsfonts/latxfont/lasy10.pfb></usr/local/texlive/2022basic/texmf-dist/fonts/type1/public/amsfonts/symbols/msam10.pfb></usr/local/texlive/2022basic/texmf-dist/fonts/type1/public/amsfonts/symbols/msbm10.pfb></usr/local/texlive/2022basic/texmf-dist/fonts/type1/public/amsfonts/symbols/msbm7.pfb></usr/local/texlive/2022basic/texmf-dist/fonts/type1/public/rsfs/rsfs10.pfb>
Output written on main.pdf (232 pages, 1113615 bytes).
PDF statistics:
 905 PDF objects out of 1000 (max. 8388607)
 605 compressed objects within 7 object streams
 0 named destinations out of 1000 (max. 500000)
 23 words of extra memory for PDF output out of 10000 (max. 10000000)

