\BOOKMARK [1][-]{Doc-Start}{\376\377\000A\000b\000s\000t\000r\000a\000c\000t}{}% 1
\BOOKMARK [1][-]{Doc-Start}{\376\377\000A\000c\000k\000n\000o\000w\000l\000e\000d\000g\000e\000m\000e\000n\000t\000s}{}% 2
\BOOKMARK [0][-]{chapter.1}{\376\377\000I\000n\000t\000r\000o\000d\000u\000c\000t\000i\000o\000n}{}% 3
\BOOKMARK [1][-]{section.1.1}{\376\377\000T\000h\000e\000\040\000p\000h\000y\000s\000i\000c\000s\000\040\000o\000f\000\040\000i\000n\000t\000e\000r\000a\000c\000t\000i\000n\000g\000\040\000w\000a\000v\000e}{chapter.1}% 4
\BOOKMARK [2][-]{subsection.1.1.1}{\376\377\000D\000i\000s\000p\000e\000r\000s\000i\000v\000e\000\040\000P\000D\000E\000s}{section.1.1}% 5
\BOOKMARK [2][-]{subsection.1.1.2}{\376\377\000T\000h\000e\000\040\000e\000n\000e\000r\000g\000y\000\040\000c\000a\000s\000c\000a\000d\000e\000\040\000p\000h\000e\000n\000o\000m\000e\000n\000o\000n}{section.1.1}% 6
\BOOKMARK [2][-]{subsection.1.1.3}{\376\377\000T\000h\000e\000\040\000s\000t\000a\000t\000i\000s\000t\000i\000c\000a\000l\000\040\000d\000e\000s\000c\000r\000i\000p\000t\000i\000o\000n\000\040\000o\000f\000\040\000i\000n\000t\000e\000r\000a\000c\000t\000i\000n\000g\000\040\000w\000a\000v\000e}{section.1.1}% 7
\BOOKMARK [2][-]{subsection.1.1.4}{\376\377\000S\000c\000a\000l\000e\000\040\000o\000f\000\040\000t\000u\000r\000b\000u\000l\000e\000n\000c\000e}{section.1.1}% 8
\BOOKMARK [2][-]{subsection.1.1.5}{\376\377\000T\000h\000r\000e\000e\000-\000w\000a\000v\000e\000\040\000a\000n\000d\000\040\000f\000o\000u\000r\000-\000w\000a\000v\000e\000\040\000m\000o\000d\000e\000l\000s}{section.1.1}% 9
\BOOKMARK [1][-]{section.1.2}{\376\377\000T\000h\000e\000\040\000F\000e\000y\000n\000m\000a\000n\000\040\000d\000i\000a\000g\000r\000a\000m\000\040\000e\000x\000p\000a\000n\000s\000i\000o\000n}{chapter.1}% 10
\BOOKMARK [1][-]{section.1.3}{\376\377\000W\000a\000v\000e\000\040\000k\000i\000n\000e\000t\000i\000c\000\040\000t\000h\000e\000o\000r\000y\000\040\000f\000o\000r\000\040\000t\000h\000r\000e\000e\000\040\000w\000a\000v\000e\000\040\000m\000o\000d\000e\000l\000s}{chapter.1}% 11
\BOOKMARK [1][-]{section.1.4}{\376\377\000W\000a\000v\000e\000\040\000k\000i\000n\000e\000t\000i\000c\000\040\000t\000h\000e\000o\000r\000y\000\040\000f\000o\000r\000\040\000f\000o\000u\000r\000\040\000w\000a\000v\000e\000\040\000m\000o\000d\000e\000l\000s}{chapter.1}% 12
\BOOKMARK [2][-]{subsection.1.4.1}{\376\377\000T\000h\000e\000\040\000p\000h\000a\000s\000e\000\040\000p\000r\000o\000b\000l\000e\000m}{section.1.4}% 13
\BOOKMARK [2][-]{subsection.1.4.2}{\376\377\000T\000h\000e\000\040\000r\000e\000n\000o\000r\000m\000a\000l\000i\000z\000a\000t\000i\000o\000n\000\040\000a\000r\000g\000u\000m\000e\000n\000t}{section.1.4}% 14
\BOOKMARK [2][-]{subsection.1.4.3}{\376\377\000F\000r\000o\000m\000\040\000t\000h\000e\000\040\000K\000l\000e\000i\000n\000-\000G\000o\000r\000d\000o\000n\000\040\000t\000y\000p\000e\000\040\000e\000q\000u\000a\000t\000i\000o\000n\000\040\000t\000o\000\040\000t\000h\000e\000\040\000o\000r\000i\000g\000i\000n\000a\000l\000\040\000K\000l\000e\000i\000n\000-\000G\000o\000r\000d\000o\000n\000\040\000e\000q\000u\000a\000t\000i\000o\000n}{section.1.4}% 15
\BOOKMARK [1][-]{section.1.5}{\376\377\000P\000r\000e\000v\000i\000o\000u\000s\000\040\000r\000e\000s\000e\000a\000r\000c\000h}{chapter.1}% 16
\BOOKMARK [0][-]{chapter.2}{\376\377\000A\000n\000a\000l\000y\000s\000i\000s\000\040\000o\000f\000\040\000t\000h\000r\000e\000e\000\040\000w\000a\000v\000e\000\040\000m\000o\000d\000e\000l\000s}{}% 17
\BOOKMARK [1][-]{section.2.1}{\376\377\000I\000n\000t\000r\000o\000d\000u\000c\000t\000i\000o\000n}{chapter.2}% 18
\BOOKMARK [2][-]{subsection.2.1.1}{\376\377\000S\000t\000a\000t\000e\000m\000e\000n\000t\000\040\000o\000f\000\040\000t\000h\000e\000\040\000r\000e\000s\000u\000l\000t\000s}{section.2.1}% 19
\BOOKMARK [2][-]{subsection.2.1.2}{\376\377\000I\000d\000e\000a\000s\000\040\000o\000f\000\040\000t\000h\000e\000\040\000p\000r\000o\000o\000f}{section.2.1}% 20
\BOOKMARK [2][-]{subsection.2.1.3}{\376\377\000N\000o\000t\000a\000t\000i\000o\000n\000s}{section.2.1}% 21
\BOOKMARK [1][-]{section.2.2}{\376\377\000T\000h\000e\000\040\000P\000e\000r\000t\000u\000r\000b\000a\000t\000i\000o\000n\000\040\000E\000x\000p\000a\000n\000s\000i\000o\000n}{chapter.2}% 22
\BOOKMARK [2][-]{subsection.2.2.1}{\376\377\000T\000h\000e\000\040\000a\000p\000p\000r\000o\000x\000i\000m\000a\000t\000i\000o\000n\000\040\000s\000e\000r\000i\000e\000s\000\040\000a\000n\000d\000\040\000F\000e\000y\000n\000m\000a\000n\000\040\000d\000i\000a\000g\000r\000a\000m\000s}{section.2.2}% 23
\BOOKMARK [2][-]{subsection.2.2.2}{\376\377\000E\000s\000t\000i\000m\000a\000t\000e\000s\000\040\000o\000f\000\040\000t\000h\000e\000\040\000a\000p\000p\000r\000o\000x\000i\000m\000a\000t\000i\000o\000n\000\040\000s\000o\000l\000u\000t\000i\000o\000n}{section.2.2}% 24
\BOOKMARK [2][-]{subsection.2.2.3}{\376\377\000B\000o\000u\000n\000d\000\040\000t\000h\000e\000\040\000e\000r\000r\000o\000r\000\040\000o\000f\000\040\000t\000h\000e\000\040\000a\000p\000p\000r\000o\000x\000i\000m\000a\000t\000i\000o\000n}{section.2.2}% 25
\BOOKMARK [2][-]{subsection.2.2.4}{\376\377\000P\000r\000o\000o\000f\000\040\000o\000f\000\040\000t\000h\000e\000\040\000m\000a\000i\000n\000\040\000t\000h\000e\000o\000r\000e\000m}{section.2.2}% 26
\BOOKMARK [1][-]{section.2.3}{\376\377\000L\000a\000t\000t\000i\000c\000e\000\040\000p\000o\000i\000n\000t\000s\000\040\000c\000o\000u\000n\000t\000i\000n\000g\000\040\000a\000n\000d\000\040\000c\000o\000n\000v\000e\000r\000g\000e\000n\000c\000e\000\040\000r\000e\000s\000u\000l\000t\000s}{chapter.2}% 27
\BOOKMARK [1][-]{section.2.4}{\376\377\000L\000a\000t\000t\000i\000c\000e\000\040\000p\000o\000i\000n\000t\000s\000\040\000c\000o\000u\000n\000t\000i\000n\000g\000\040\000a\000n\000d\000\040\000c\000o\000n\000v\000e\000r\000g\000e\000n\000c\000e\000\040\000r\000e\000s\000u\000l\000t\000s}{chapter.2}% 28
\BOOKMARK [2][-]{subsection.2.4.1}{\376\377\000R\000e\000f\000i\000n\000e\000d\000\040\000e\000x\000p\000r\000e\000s\000s\000i\000o\000n\000\040\000o\000f\000\040\000c\000o\000e\000f\000f\000i\000c\000i\000e\000n\000t\000s}{section.2.4}% 29
\BOOKMARK [2][-]{subsection.2.4.2}{\376\377\000A\000n\000\040\000u\000p\000p\000e\000r\000\040\000b\000o\000u\000n\000d\000\040\000o\000f\000\040\000c\000o\000e\000f\000f\000i\000c\000i\000e\000n\000t\000s\000\040\000i\000n\000\040\000e\000x\000p\000a\000n\000s\000i\000o\000n\000\040\000s\000e\000r\000i\000e\000s}{section.2.4}% 30
\BOOKMARK [2][-]{subsection.2.4.3}{\376\377\000C\000o\000u\000p\000l\000e\000s\000\040\000a\000n\000d\000\040\000t\000h\000e\000\040\000W\000i\000c\000k\000\040\000t\000h\000e\000o\000r\000e\000m}{section.2.4}% 31
\BOOKMARK [2][-]{subsection.2.4.4}{\376\377\000C\000o\000u\000n\000t\000i\000n\000g\000\040\000l\000a\000t\000t\000i\000c\000e\000\040\000p\000o\000i\000n\000t\000s}{section.2.4}% 32
\BOOKMARK [2][-]{subsection.2.4.5}{\376\377\000A\000n\000\040\000u\000p\000p\000e\000r\000\040\000b\000o\000u\000n\000d\000\040\000o\000f\000\040\000t\000r\000e\000e\000\040\000t\000e\000r\000m\000s}{section.2.4}% 33
\BOOKMARK [2][-]{subsection.2.4.6}{\376\377\000N\000o\000r\000m\000\040\000e\000s\000t\000i\000m\000a\000t\000e\000\040\000o\000f\000\040\000r\000a\000n\000d\000o\000m\000\040\000m\000a\000t\000r\000i\000c\000e\000s}{section.2.4}% 34
\BOOKMARK [2][-]{subsection.2.4.7}{\376\377\000A\000s\000y\000m\000p\000t\000o\000t\000i\000c\000s\000\040\000o\000f\000\040\000t\000h\000e\000\040\000m\000a\000i\000n\000\040\000t\000e\000r\000m\000s}{section.2.4}% 35
\BOOKMARK [0][-]{chapter.3}{\376\377\000A\000n\000a\000l\000y\000s\000i\000s\000\040\000o\000f\000\040\000f\000o\000u\000r\000\040\000w\000a\000v\000e\000\040\000m\000o\000d\000e\000l\000s}{}% 36
\BOOKMARK [1][-]{section.3.1}{\376\377\000I\000n\000t\000r\000o\000d\000u\000c\000t\000i\000o\000n}{chapter.3}% 37
\BOOKMARK [2][-]{subsection.3.1.1}{\376\377\000B\000a\000s\000i\000c\000\040\000s\000e\000t\000-\000u\000p\000s}{section.3.1}% 38
\BOOKMARK [2][-]{subsection.3.1.2}{\376\377\000O\000u\000t\000l\000i\000n\000e\000\040\000o\000f\000\040\000t\000h\000i\000s\000\040\000c\000h\000a\000p\000t\000e\000r}{section.3.1}% 39
\BOOKMARK [2][-]{subsection.3.1.3}{\376\377\000N\000o\000t\000a\000t\000i\000o\000n\000s}{section.3.1}% 40
\BOOKMARK [1][-]{section.3.2}{\376\377\000T\000h\000e\000\040\000P\000e\000r\000t\000u\000r\000b\000a\000t\000i\000o\000n\000\040\000E\000x\000p\000a\000n\000s\000i\000o\000n}{chapter.3}% 41
\BOOKMARK [2][-]{subsection.3.2.1}{\376\377\000T\000h\000e\000\040\000r\000e\000n\000o\000r\000m\000a\000l\000i\000z\000a\000t\000i\000o\000n\000\040\000a\000r\000g\000u\000m\000e\000n\000t}{section.3.2}% 42
\BOOKMARK [2][-]{subsection.3.2.2}{\376\377\000T\000h\000e\000\040\000a\000p\000p\000r\000o\000x\000i\000m\000a\000t\000i\000o\000n\000\040\000s\000e\000r\000i\000e\000s\000\040\000a\000n\000d\000\040\000F\000e\000y\000n\000m\000a\000n\000\040\000d\000i\000a\000g\000r\000a\000m\000s}{section.3.2}% 43
\BOOKMARK [1][-]{section.3.3}{\376\377\000L\000a\000t\000t\000i\000c\000e\000\040\000p\000o\000i\000n\000t\000s\000\040\000c\000o\000u\000n\000t\000i\000n\000g\000\040\000a\000n\000d\000\040\000c\000o\000n\000v\000e\000r\000g\000e\000n\000c\000e\000\040\000r\000e\000s\000u\000l\000t\000s}{chapter.3}% 44
\BOOKMARK [2][-]{subsection.3.3.1}{\376\377\000R\000e\000f\000i\000n\000e\000d\000\040\000e\000x\000p\000r\000e\000s\000s\000i\000o\000n\000\040\000o\000f\000\040\000c\000o\000e\000f\000f\000i\000c\000i\000e\000n\000t\000s}{section.3.3}% 45
\BOOKMARK [2][-]{subsection.3.3.2}{\376\377\000C\000o\000u\000p\000l\000e\000s\000\040\000a\000n\000d\000\040\000t\000h\000e\000\040\000r\000e\000n\000o\000r\000m\000a\000l\000i\000z\000e\000d\000\040\000W\000i\000c\000k\000\040\000t\000h\000e\000o\000r\000e\000m}{section.3.3}% 46
\BOOKMARK [2][-]{subsection.3.3.3}{\376\377\000C\000o\000u\000n\000t\000i\000n\000g\000\040\000l\000a\000t\000t\000i\000c\000e\000\040\000p\000o\000i\000n\000t\000s}{section.3.3}% 47
\BOOKMARK [2][-]{subsection.3.3.4}{\376\377\000A\000\040\000h\000e\000u\000r\000i\000s\000t\000i\000c\000\040\000e\000x\000p\000l\000a\000n\000a\000t\000i\000o\000n\000\040\000o\000f\000\040\000t\000h\000e\000\040\000d\000e\000r\000i\000v\000a\000t\000i\000o\000n\000\040\000o\000f\000\040\000t\000h\000e\000\040\000w\000a\000v\000e\000\040\000k\000i\000n\000e\000t\000i\000c\000\040\000e\000q\000u\000a\000t\000i\000o\000n}{section.3.3}% 48
\BOOKMARK [0][-]{chapter.4}{\376\377\000C\000o\000u\000n\000t\000i\000n\000g\000\040\000r\000e\000s\000u\000l\000t\000s\000\040\000i\000n\000\040\000w\000a\000v\000e\000\040\000k\000i\000n\000e\000t\000i\000c\000\040\000t\000h\000e\000o\000r\000y}{}% 49
\BOOKMARK [1][-]{section.4.1}{\376\377\000N\000u\000m\000b\000e\000r\000\040\000t\000h\000e\000o\000r\000e\000t\000i\000c\000\040\000r\000e\000s\000u\000l\000t\000s\000\040\000i\000n\000\040\000t\000h\000r\000e\000e\000\040\000w\000a\000v\000e\000\040\000m\000o\000d\000e\000l\000s}{chapter.4}% 50
\BOOKMARK [1][-]{section.4.2}{\376\377\000H\000i\000g\000h\000\040\000D\000i\000m\000e\000n\000s\000i\000o\000n\000a\000l\000\040\000E\000u\000l\000e\000r\000-\000M\000a\000c\000l\000a\000u\000r\000i\000n\000\040\000F\000o\000r\000m\000u\000l\000a}{chapter.4}% 51
\BOOKMARK [1][-]{section.4.3}{\376\377\000N\000u\000m\000b\000e\000r\000\040\000t\000h\000e\000o\000r\000e\000t\000i\000c\000\040\000r\000e\000s\000u\000l\000t\000s\000\040\000i\000n\000\040\000f\000o\000u\000r\000\040\000w\000a\000v\000e\000\040\000m\000o\000d\000e\000l\000s}{chapter.4}% 52
